2025-03-29 16:32:49,965 - __main__ - INFO - 创建示例数据用于测试
2025-03-29 16:32:49,988 - __main__ - INFO - 示例数据创建完成
2025-03-29 16:32:49,990 - __main__ - INFO - 开始运行跨部门协作工作流
2025-03-29 16:32:49,991 - __main__ - INFO - 开始生成采购部门建议
2025-03-29 16:32:50,010 - __main__ - INFO - 采购部门建议已保存至: ../../data/collaboration/procurement_recommendations.csv
2025-03-29 16:32:50,011 - __main__ - INFO - 开始生成运营部门建议
2025-03-29 16:32:50,050 - __main__ - INFO - 运营部门建议已保存至: ../../data/collaboration/operations_recommendations.csv
2025-03-29 16:32:50,050 - __main__ - INFO - 开始生成市场营销部门建议
2025-03-29 16:32:50,157 - __main__ - INFO - 市场营销部门建议已保存至: ../../data/collaboration/marketing_recommendations.csv
2025-03-29 16:32:50,181 - __main__ - INFO - 协作结果已保存至: ../../data/collaboration/collaboration_workflow_results.json
2025-03-29 16:32:50,181 - __main__ - INFO - 跨部门协作工作流完成
2025-03-29 16:42:00,153 - __main__ - INFO - 零售业销售预测分析开始，时间: 2025-03-29 16:42:00.153352
2025-03-29 16:42:00,155 - __main__ - INFO - 开始数据预处理阶段
2025-03-29 16:42:00,155 - src.data.data_preprocessing - INFO - 正在加载数据文件: data/raw/retail_sales_data.csv
2025-03-29 16:42:00,539 - src.data.data_preprocessing - INFO - 成功加载数据，形状: (299696, 10)
2025-03-29 16:42:00,539 - __main__ - INFO - 加载的数据形状: (299696, 10)
2025-03-29 16:42:00,540 - src.data.data_preprocessing - INFO - 开始数据清洗过程
2025-03-29 16:42:00,540 - src.data.data_preprocessing - INFO - 原始数据形状: (299696, 10)
2025-03-29 16:42:00,720 - src.data.data_preprocessing - INFO - 移除重复后的形状: (299696, 10)
2025-03-29 16:42:00,733 - src.data.data_preprocessing - INFO - 列 'Price' 的 1428 个缺失值已用中位数 218.05 填充
2025-03-29 16:42:00,742 - src.data.data_preprocessing - INFO - 列 'Quantity' 的 1507 个缺失值已用中位数 3.0 填充
2025-03-29 16:42:00,843 - src.data.data_preprocessing - INFO - 列 'Price' 中的 53695 个异常值已经被处理
2025-03-29 16:42:00,867 - src.data.data_preprocessing - INFO - 列 'Sales' 中的 46686 个异常值已经被处理
2025-03-29 16:42:00,867 - src.data.data_preprocessing - INFO - 数据清洗完成。原始形状: (299696, 10), 清洗后形状: (299696, 10)
2025-03-29 16:42:00,867 - __main__ - INFO - 清洗后的数据形状: (299696, 10)
2025-03-29 16:42:00,868 - src.data.data_preprocessing - INFO - 开始数据转换过程
2025-03-29 16:42:00,962 - src.data.data_preprocessing - INFO - 已从列 'TransactionDate' 中提取日期特征
2025-03-29 16:42:01,095 - src.data.data_preprocessing - INFO - 列 'TransactionID' 已进行标签编码
2025-03-29 16:42:01,137 - src.data.data_preprocessing - INFO - 列 'CustomerID' 已进行标签编码
2025-03-29 16:42:01,164 - src.data.data_preprocessing - INFO - 列 'City' 已进行标签编码
2025-03-29 16:42:01,259 - src.data.data_preprocessing - INFO - 列 'ProductCategory' 已进行独热编码
2025-03-29 16:42:01,281 - src.data.data_preprocessing - INFO - 列 'ProductID' 已进行标签编码
2025-03-29 16:42:01,311 - src.data.data_preprocessing - INFO - 列 'ProductName' 已进行标签编码
2025-03-29 16:42:01,311 - src.data.data_preprocessing - INFO - 数据转换完成
2025-03-29 16:42:01,311 - __main__ - INFO - 转换后的数据形状: (299696, 23)
2025-03-29 16:42:03,476 - src.data.data_preprocessing - INFO - 处理后的数据已保存至: data/processed/processed_data.csv
2025-03-29 16:42:03,476 - src.data.data_preprocessing - INFO - 为时间序列分析准备数据，目标列: Sales, 日期列: TransactionDate
2025-03-29 16:42:03,585 - src.data.data_preprocessing - INFO - 时间序列数据准备完成，形状: (1096, 2)
2025-03-29 16:42:03,590 - src.data.data_preprocessing - INFO - 时间序列数据已保存至: data/processed/time_series_Sales.csv
2025-03-29 16:42:03,598 - __main__ - INFO - 时间序列数据形状: (1096, 2)
2025-03-29 16:42:03,598 - src.data.data_preprocessing - INFO - 为关联规则分析准备数据
2025-03-29 16:42:05,212 - src.data.data_preprocessing - INFO - 关联规则数据准备完成，共有 100000 条交易记录
2025-03-29 16:42:05,317 - src.data.data_preprocessing - INFO - 关联规则数据已保存至: data/processed/association_transactions.csv
2025-03-29 16:42:05,318 - __main__ - INFO - 关联规则数据: 100000 条交易记录
2025-03-29 16:42:05,318 - __main__ - INFO - 数据预处理阶段完成
2025-03-29 16:42:05,329 - src.models.time_series_model - INFO - 正在加载时间序列数据: data/processed/time_series_Sales.csv
2025-03-29 16:42:05,334 - src.models.time_series_model - INFO - 时间序列数据加载完成，形状: (1096, 1)
2025-03-29 16:42:05,335 - __main__ - INFO - 时间序列数据形状: (1096, 1)
2025-03-29 16:42:05,335 - src.models.time_series_model - INFO - 正在检查时间序列的平稳性
2025-03-29 16:42:05,365 - src.models.time_series_model - INFO - ADF统计量: -2.092677294075323, p值: 0.24746927501401905
2025-03-29 16:42:05,365 - src.models.time_series_model - INFO - 时间序列不是平稳的，可能需要差分
2025-03-29 16:42:05,365 - __main__ - INFO - 时间序列是否平稳: False, p值: 0.24746927501401905
2025-03-29 16:42:05,365 - src.models.time_series_model - INFO - 正在绘制时间序列图表
2025-03-29 16:42:06,370 - src.models.time_series_model - INFO - 季节性分解图表已保存至: data/output/seasonal_decomposition.png
2025-03-29 16:42:06,803 - src.models.time_series_model - INFO - 时间序列图表已保存至: data/output/time_series_plot.png
2025-03-29 16:42:06,803 - src.models.time_series_model - INFO - 开始寻找最优ARIMA参数，搜索范围: p<=(3), d<=(2), q<=(3)
2025-03-29 16:42:06,827 - src.models.time_series_model - INFO - ARIMA(0,0,0) - AIC: 26839.76249532284
2025-03-29 16:42:06,881 - src.models.time_series_model - INFO - ARIMA(0,0,1) - AIC: 21729.76784151031
2025-03-29 16:42:06,963 - src.models.time_series_model - INFO - ARIMA(0,0,2) - AIC: 21674.6925389506
2025-03-29 16:42:07,075 - src.models.time_series_model - INFO - ARIMA(0,0,3) - AIC: 21654.321054116182
2025-03-29 16:42:07,093 - src.models.time_series_model - INFO - ARIMA(0,1,0) - AIC: 22049.133700400314
2025-03-29 16:42:07,141 - src.models.time_series_model - INFO - ARIMA(0,1,1) - AIC: 21500.46314695073
2025-03-29 16:42:07,232 - src.models.time_series_model - INFO - ARIMA(0,1,2) - AIC: 21492.290450623463
2025-03-29 16:42:07,374 - src.models.time_series_model - INFO - ARIMA(0,1,3) - AIC: 21491.365363107325
2025-03-29 16:42:07,393 - src.models.time_series_model - INFO - ARIMA(0,2,0) - AIC: 23006.71463844506
2025-03-29 16:42:07,519 - src.models.time_series_model - INFO - ARIMA(0,2,1) - AIC: 22070.177756255336
2025-03-29 16:42:07,709 - src.models.time_series_model - INFO - ARIMA(0,2,2) - AIC: 21633.8879406924
2025-03-29 16:42:08,024 - src.models.time_series_model - INFO - ARIMA(0,2,3) - AIC: 21574.118797000352
2025-03-29 16:42:08,064 - src.models.time_series_model - INFO - ARIMA(1,0,0) - AIC: 21699.54611492001
2025-03-29 16:42:08,271 - src.models.time_series_model - INFO - ARIMA(1,0,1) - AIC: 21500.547027865963
2025-03-29 16:42:08,539 - src.models.time_series_model - INFO - ARIMA(1,0,2) - AIC: 21496.828400842933
2025-03-29 16:42:08,858 - src.models.time_series_model - INFO - ARIMA(1,0,3) - AIC: 21496.410705569808
2025-03-29 16:42:08,898 - src.models.time_series_model - INFO - ARIMA(1,1,0) - AIC: 21758.834287752867
2025-03-29 16:42:08,988 - src.models.time_series_model - INFO - ARIMA(1,1,1) - AIC: 21499.893508682577
2025-03-29 16:42:09,253 - src.models.time_series_model - INFO - ARIMA(1,1,2) - AIC: 21491.9496267477
2025-03-29 16:42:09,847 - src.models.time_series_model - INFO - ARIMA(1,1,3) - AIC: 21485.407665480845
2025-03-29 16:42:09,890 - src.models.time_series_model - INFO - ARIMA(1,2,0) - AIC: 22437.625704958555
2025-03-29 16:42:10,063 - src.models.time_series_model - INFO - ARIMA(1,2,1) - AIC: 21812.966956053584
2025-03-29 16:42:10,395 - src.models.time_series_model - INFO - ARIMA(1,2,2) - AIC: 21582.106895963716
2025-03-29 16:42:10,745 - src.models.time_series_model - INFO - ARIMA(1,2,3) - AIC: 21557.39119757891
2025-03-29 16:42:10,805 - src.models.time_series_model - INFO - ARIMA(2,0,0) - AIC: 21624.930980732446
2025-03-29 16:42:11,033 - src.models.time_series_model - INFO - ARIMA(2,0,1) - AIC: 21499.825242706414
2025-03-29 16:42:11,490 - src.models.time_series_model - INFO - ARIMA(2,0,2) - AIC: 21493.30410676427
2025-03-29 16:42:12,471 - src.models.time_series_model - INFO - ARIMA(2,0,3) - AIC: 21491.624393224592
2025-03-29 16:42:12,527 - src.models.time_series_model - INFO - ARIMA(2,1,0) - AIC: 21666.767854467857
2025-03-29 16:42:12,668 - src.models.time_series_model - INFO - ARIMA(2,1,1) - AIC: 21501.074967853456
2025-03-29 16:42:13,226 - src.models.time_series_model - INFO - ARIMA(2,1,2) - AIC: 21486.093544471893
2025-03-29 16:42:14,140 - src.models.time_series_model - INFO - ARIMA(2,1,3) - AIC: 21487.08213414042
2025-03-29 16:42:14,205 - src.models.time_series_model - INFO - ARIMA(2,2,0) - AIC: 22162.078274258685
2025-03-29 16:42:14,453 - src.models.time_series_model - INFO - ARIMA(2,2,1) - AIC: 21747.145494101656
2025-03-29 16:42:14,964 - src.models.time_series_model - INFO - ARIMA(2,2,2) - AIC: 21551.45111343337
2025-03-29 16:42:15,753 - src.models.time_series_model - INFO - ARIMA(2,2,3) - AIC: 21536.333582737978
2025-03-29 16:42:15,835 - src.models.time_series_model - INFO - ARIMA(3,0,0) - AIC: 21594.60236713403
2025-03-29 16:42:16,195 - src.models.time_series_model - INFO - ARIMA(3,0,1) - AIC: 21501.11204418989
2025-03-29 16:42:17,060 - src.models.time_series_model - INFO - ARIMA(3,0,2) - AIC: 21491.57343669531
2025-03-29 16:42:17,879 - src.models.time_series_model - INFO - ARIMA(3,0,3) - AIC: 21489.143998763942
2025-03-29 16:42:17,963 - src.models.time_series_model - INFO - ARIMA(3,1,0) - AIC: 21637.573039814626
2025-03-29 16:42:18,159 - src.models.time_series_model - INFO - ARIMA(3,1,1) - AIC: 21503.070487504403
2025-03-29 16:42:18,974 - src.models.time_series_model - INFO - ARIMA(3,1,2) - AIC: 21485.976754575062
2025-03-29 16:42:19,968 - src.models.time_series_model - INFO - ARIMA(3,1,3) - AIC: 21489.052186590907
2025-03-29 16:42:20,071 - src.models.time_series_model - INFO - ARIMA(3,2,0) - AIC: 22066.517616995025
2025-03-29 16:42:20,435 - src.models.time_series_model - INFO - ARIMA(3,2,1) - AIC: 21731.165529072077
2025-03-29 16:42:21,118 - src.models.time_series_model - INFO - ARIMA(3,2,2) - AIC: 21677.62655403786
2025-03-29 16:42:21,765 - src.models.time_series_model - INFO - ARIMA(3,2,3) - AIC: 21538.95882967531
2025-03-29 16:42:21,765 - src.models.time_series_model - INFO - 最优ARIMA参数: {'p': 1, 'd': 1, 'q': 3}, AIC: 21485.407665480845
2025-03-29 16:42:21,766 - __main__ - INFO - 最优ARIMA参数: {'p': 1, 'd': 1, 'q': 3}
2025-03-29 16:42:21,766 - src.models.time_series_model - INFO - 将数据分为训练集和测试集，测试集比例: 0.2
2025-03-29 16:42:21,767 - src.models.time_series_model - INFO - 训练集大小: 876, 测试集大小: 220
2025-03-29 16:42:21,767 - src.models.time_series_model - INFO - 开始训练ARIMA(1,1,3)模型
2025-03-29 16:42:22,367 - src.models.time_series_model - INFO - ARIMA模型训练完成
2025-03-29 16:42:22,379 - src.models.time_series_model - INFO - 模型摘要:
                               SARIMAX Results                                
==============================================================================
Dep. Variable:                  Sales   No. Observations:                  876
Model:                 ARIMA(1, 1, 3)   Log Likelihood              -10737.704
Date:                Sat, 29 Mar 2025   AIC                          21485.408
Time:                        16:42:22   BIC                          21509.279
Sample:                    01-01-2020   HQIC                         21494.539
                         - 05-25-2022                                         
Covariance Type:                  opg                                         
==============================================================================
2025-03-29 16:42:22,389 - src.models.time_series_model - INFO - 模型已保存至: data/output/arima_model.pkl
2025-03-29 16:42:22,390 - src.models.time_series_model - INFO - 开始评估模型性能
2025-03-29 16:42:22,400 - src.models.time_series_model - INFO - 评估指标:
平均绝对误差 (MAE): 66781.7303
均方根误差 (RMSE): 79665.5007
决定系数 (R²): -1.4299
平均绝对百分比误差 (MAPE): 26.83%
预测准确率: 85.00%
2025-03-29 16:42:22,579 - src.models.time_series_model - INFO - 预测评估图表已保存至: data/output/forecast_evaluation.png
2025-03-29 16:42:22,582 - src.models.time_series_model - INFO - 评估指标已保存至: data/output/model_metrics.csv
2025-03-29 16:42:22,582 - __main__ - INFO - 预测准确率: 85.00%
2025-03-29 16:42:22,583 - src.models.time_series_model - INFO - 开始预测未来 30 步
2025-03-29 16:42:22,587 - src.models.time_series_model - INFO - 未来预测完成
2025-03-29 16:42:22,757 - src.models.time_series_model - INFO - 未来预测图表已保存至: data/output/future_forecast.png
2025-03-29 16:42:22,761 - src.models.time_series_model - INFO - 未来预测结果已保存至: data/output/future_forecast.csv
2025-03-29 16:42:22,761 - __main__ - INFO - 未来30天预测结果已生成
2025-03-29 16:42:22,761 - src.models.time_series_model - INFO - 开始生成分析报告
2025-03-29 16:42:22,765 - src.models.time_series_model - INFO - 分析报告已保存至: data/output/sales_forecast_report.md
2025-03-29 16:42:22,765 - __main__ - INFO - 开始关联规则分析阶段
2025-03-29 16:42:22,765 - src.models.association_rules - INFO - 正在加载交易数据: data/processed/association_transactions.csv
2025-03-29 16:42:22,849 - src.models.association_rules - INFO - 交易数据加载完成，共 100000 条交易记录
2025-03-29 16:42:22,850 - __main__ - INFO - 加载了 100000 条交易记录
2025-03-29 16:42:22,850 - src.models.association_rules - INFO - 开始运行完整的关联规则分析流程
2025-03-29 16:42:22,851 - src.models.association_rules - INFO - 开始分析交易数据
2025-03-29 16:42:22,902 - src.models.association_rules - INFO - 交易数据分析完成: {'total_transactions': 100000, 'avg_items_per_transaction': 2.99696, 'max_items': 5, 'min_items': 1, 'total_unique_items': 50, 'most_common_items': [('牛仔裤', 6144), ('防晒霜', 6131), ('衬衫', 6118), ('面膜', 6110), ('连衣裙', 6090), ('护肤霜', 6078), ('床单', 6073), ('窗帘', 6061), ('牛奶', 6050), ('游戏机', 6047)]}
2025-03-29 16:42:23,237 - src.models.association_rules - INFO - 交易长度分布图已保存至: data/output/transaction_length_distribution.png
2025-03-29 16:42:23,404 - src.models.association_rules - INFO - 最常见商品图表已保存至: data/output/most_common_items.png
2025-03-29 16:42:23,408 - src.models.association_rules - INFO - 开始使用Apriori算法寻找频繁项集，最小支持度: 0.01
2025-03-29 16:42:26,442 - src.models.association_rules - INFO - 找到 275 个频繁项集
2025-03-29 16:42:26,445 - src.models.association_rules - INFO - 频繁项集已保存至: data/output/frequent_itemsets.csv
2025-03-29 16:42:26,446 - src.models.association_rules - INFO - 开始生成关联规则，最小置信度: 0.5
2025-03-29 16:42:26,449 - src.models.association_rules - WARNING - 未生成关联规则，尝试降低置信度至 0.25
2025-03-29 16:42:26,451 - src.models.association_rules - INFO - 开始生成关联规则，最小置信度: 0.25
2025-03-29 16:42:26,457 - src.models.association_rules - INFO - 生成了 450 条关联规则
2025-03-29 16:42:26,467 - src.models.association_rules - INFO - 关联规则已保存至: data/output/association_rules.csv
2025-03-29 16:42:26,468 - src.models.association_rules - INFO - 开始可视化关联规则，显示前 20 条
2025-03-29 16:42:26,678 - src.models.association_rules - INFO - 关联规则散点图已保存至: data/output/association_rules_scatter.png
2025-03-29 16:42:33,915 - src.models.association_rules - INFO - 商品共现热力图已保存至: data/output/item_cooccurrence_heatmap.png
2025-03-29 16:42:33,916 - src.models.association_rules - INFO - 开始导出促销建议，最小提升度: 1.2，推荐数量: 10
2025-03-29 16:42:33,920 - src.models.association_rules - INFO - 促销建议已保存至: data/output/promotion_recommendations.csv
2025-03-29 16:42:33,921 - src.models.association_rules - INFO - 关联分析报告已保存至: data/output/association_analysis_report.md
2025-03-29 16:42:33,922 - src.models.association_rules - INFO - 关联规则分析流程完成，摘要: {'transactions_count': 100000, 'unique_items_count': 50, 'frequent_itemsets_count': 275, 'rules_count': 450, 'recommendations_count': 10, 'expected_gmv_increase': '413.83%'}
2025-03-29 16:42:33,922 - __main__ - INFO - 关联规则分析摘要:
{'transactions_count': 100000, 'unique_items_count': 50, 'frequent_itemsets_count': 275, 'rules_count': 450, 'recommendations_count': 10, 'expected_gmv_increase': '413.83%'}
2025-03-29 16:42:33,922 - __main__ - INFO - 预期GMV提升: 413.83%
2025-03-29 16:42:33,922 - __main__ - INFO - 关联规则分析阶段完成
2025-03-29 16:42:33,935 - __main__ - INFO - 开始数据可视化阶段
2025-03-29 16:42:33,936 - src.visualization.data_visualizer - INFO - 正在加载处理过的数据: data/processed/processed_data.csv
2025-03-29 16:42:34,529 - src.visualization.data_visualizer - INFO - 数据加载完成，形状: (299696, 23)
2025-03-29 16:42:34,529 - src.visualization.data_visualizer - INFO - 正在加载时间序列数据: data/processed/time_series_Sales.csv
2025-03-29 16:42:34,534 - src.visualization.data_visualizer - INFO - 时间序列数据加载完成，形状: (1096, 2)
2025-03-29 16:42:34,535 - src.visualization.data_visualizer - INFO - 正在加载关联规则推荐数据: data/output/promotion_recommendations.csv
2025-03-29 16:42:34,537 - src.visualization.data_visualizer - INFO - 关联规则推荐数据加载完成，形状: (10, 7)
2025-03-29 16:42:34,537 - src.visualization.data_visualizer - INFO - 开始为Tableau准备数据
2025-03-29 16:42:36,588 - src.visualization.data_visualizer - INFO - Tableau销售数据已保存至: data/visualization/tableau_sales_data.csv
2025-03-29 16:42:36,590 - src.visualization.data_visualizer - INFO - Tableau关联规则数据已保存至: data/visualization/tableau_association_rules.csv
2025-03-29 16:42:36,594 - src.visualization.data_visualizer - INFO - Tableau网络图数据已保存至: data/visualization/tableau_network_data.json
2025-03-29 16:42:36,595 - src.visualization.data_visualizer - INFO - Tableau数据源说明已保存至: data/visualization/tableau_data_readme.md
2025-03-29 16:42:36,600 - __main__ - INFO - 为Tableau准备的数据文件: {'sales_data': 'data/visualization/tableau_sales_data.csv', 'association_rules': 'data/visualization/tableau_association_rules.csv', 'network_data': 'data/visualization/tableau_network_data.json'}
2025-03-29 16:42:36,600 - src.visualization.data_visualizer - INFO - 开始创建基本可视化示例
2025-03-29 16:42:37,232 - src.visualization.data_visualizer - INFO - 销售时间序列图已保存至: data/visualization/sales_time_series.png
2025-03-29 16:42:37,889 - src.visualization.data_visualizer - INFO - 销售季节性热图已保存至: data/visualization/sales_seasonality_heatmap.png
2025-03-29 16:42:38,244 - src.visualization.data_visualizer - INFO - 关联规则图已保存至: data/visualization/association_rules_plot.png
2025-03-29 16:42:38,303 - src.visualization.data_visualizer - INFO - 销售仪表板模型已保存至: data/visualization/tableau_sales_dashboard_mockup.png
2025-03-29 16:42:38,355 - src.visualization.data_visualizer - INFO - 预测仪表板模型已保存至: data/visualization/tableau_forecast_dashboard_mockup.png
2025-03-29 16:42:38,410 - src.visualization.data_visualizer - INFO - 关联分析仪表板模型已保存至: data/visualization/tableau_association_dashboard_mockup.png
2025-03-29 16:42:38,412 - src.visualization.data_visualizer - INFO - Tableau使用说明已保存至: data/visualization/tableau_instructions.md
2025-03-29 16:42:38,412 - __main__ - INFO - 数据可视化阶段完成
2025-03-29 16:42:38,412 - __main__ - INFO - 开始跨部门协作分析阶段
2025-03-29 16:44:14,078 - __main__ - INFO - 零售业销售预测分析开始，时间: 2025-03-29 16:44:14.078211
2025-03-29 16:44:14,079 - __main__ - INFO - 开始数据预处理阶段
2025-03-29 16:44:14,080 - src.data.data_preprocessing - INFO - 正在加载数据文件: data/raw/retail_sales_data.csv
2025-03-29 16:44:14,473 - src.data.data_preprocessing - INFO - 成功加载数据，形状: (299696, 10)
2025-03-29 16:44:14,487 - __main__ - INFO - 加载的数据形状: (299696, 10)
2025-03-29 16:44:14,488 - src.data.data_preprocessing - INFO - 开始数据清洗过程
2025-03-29 16:44:14,488 - src.data.data_preprocessing - INFO - 原始数据形状: (299696, 10)
2025-03-29 16:44:14,666 - src.data.data_preprocessing - INFO - 移除重复后的形状: (299696, 10)
2025-03-29 16:44:14,678 - src.data.data_preprocessing - INFO - 列 'Price' 的 1428 个缺失值已用中位数 218.05 填充
2025-03-29 16:44:14,688 - src.data.data_preprocessing - INFO - 列 'Quantity' 的 1507 个缺失值已用中位数 3.0 填充
2025-03-29 16:44:14,787 - src.data.data_preprocessing - INFO - 列 'Price' 中的 53695 个异常值已经被处理
2025-03-29 16:44:14,814 - src.data.data_preprocessing - INFO - 列 'Sales' 中的 46686 个异常值已经被处理
2025-03-29 16:44:14,815 - src.data.data_preprocessing - INFO - 数据清洗完成。原始形状: (299696, 10), 清洗后形状: (299696, 10)
2025-03-29 16:44:14,815 - __main__ - INFO - 清洗后的数据形状: (299696, 10)
2025-03-29 16:44:14,815 - src.data.data_preprocessing - INFO - 开始数据转换过程
2025-03-29 16:44:14,908 - src.data.data_preprocessing - INFO - 已从列 'TransactionDate' 中提取日期特征
2025-03-29 16:44:15,044 - src.data.data_preprocessing - INFO - 列 'TransactionID' 已进行标签编码
2025-03-29 16:44:15,088 - src.data.data_preprocessing - INFO - 列 'CustomerID' 已进行标签编码
2025-03-29 16:44:15,114 - src.data.data_preprocessing - INFO - 列 'City' 已进行标签编码
2025-03-29 16:44:15,211 - src.data.data_preprocessing - INFO - 列 'ProductCategory' 已进行独热编码
2025-03-29 16:44:15,235 - src.data.data_preprocessing - INFO - 列 'ProductID' 已进行标签编码
2025-03-29 16:44:15,264 - src.data.data_preprocessing - INFO - 列 'ProductName' 已进行标签编码
2025-03-29 16:44:15,265 - src.data.data_preprocessing - INFO - 数据转换完成
2025-03-29 16:44:15,265 - __main__ - INFO - 转换后的数据形状: (299696, 23)
2025-03-29 16:44:17,410 - src.data.data_preprocessing - INFO - 处理后的数据已保存至: data/processed/processed_data.csv
2025-03-29 16:44:17,410 - src.data.data_preprocessing - INFO - 为时间序列分析准备数据，目标列: Sales, 日期列: TransactionDate
2025-03-29 16:44:17,524 - src.data.data_preprocessing - INFO - 时间序列数据准备完成，形状: (1096, 2)
2025-03-29 16:44:17,529 - src.data.data_preprocessing - INFO - 时间序列数据已保存至: data/processed/time_series_Sales.csv
2025-03-29 16:44:17,535 - __main__ - INFO - 时间序列数据形状: (1096, 2)
2025-03-29 16:44:17,535 - src.data.data_preprocessing - INFO - 为关联规则分析准备数据
2025-03-29 16:44:19,055 - src.data.data_preprocessing - INFO - 关联规则数据准备完成，共有 100000 条交易记录
2025-03-29 16:44:19,162 - src.data.data_preprocessing - INFO - 关联规则数据已保存至: data/processed/association_transactions.csv
2025-03-29 16:44:19,164 - __main__ - INFO - 关联规则数据: 100000 条交易记录
2025-03-29 16:44:19,164 - __main__ - INFO - 数据预处理阶段完成
2025-03-29 16:44:19,175 - src.models.time_series_model - INFO - 正在加载时间序列数据: data/processed/time_series_Sales.csv
2025-03-29 16:44:19,180 - src.models.time_series_model - INFO - 时间序列数据加载完成，形状: (1096, 1)
2025-03-29 16:44:19,180 - __main__ - INFO - 时间序列数据形状: (1096, 1)
2025-03-29 16:44:19,181 - src.models.time_series_model - INFO - 正在检查时间序列的平稳性
2025-03-29 16:44:19,212 - src.models.time_series_model - INFO - ADF统计量: -2.092677294075323, p值: 0.24746927501401905
2025-03-29 16:44:19,212 - src.models.time_series_model - INFO - 时间序列不是平稳的，可能需要差分
2025-03-29 16:44:19,213 - __main__ - INFO - 时间序列是否平稳: False, p值: 0.24746927501401905
2025-03-29 16:44:19,213 - src.models.time_series_model - INFO - 正在绘制时间序列图表
2025-03-29 16:44:20,222 - src.models.time_series_model - INFO - 季节性分解图表已保存至: data/output/seasonal_decomposition.png
2025-03-29 16:44:20,657 - src.models.time_series_model - INFO - 时间序列图表已保存至: data/output/time_series_plot.png
2025-03-29 16:44:20,658 - src.models.time_series_model - INFO - 开始寻找最优ARIMA参数，搜索范围: p<=(3), d<=(2), q<=(3)
2025-03-29 16:44:20,682 - src.models.time_series_model - INFO - ARIMA(0,0,0) - AIC: 26839.76249532284
2025-03-29 16:44:20,737 - src.models.time_series_model - INFO - ARIMA(0,0,1) - AIC: 21729.76784151031
2025-03-29 16:44:20,819 - src.models.time_series_model - INFO - ARIMA(0,0,2) - AIC: 21674.6925389506
2025-03-29 16:44:20,927 - src.models.time_series_model - INFO - ARIMA(0,0,3) - AIC: 21654.321054116182
2025-03-29 16:44:20,945 - src.models.time_series_model - INFO - ARIMA(0,1,0) - AIC: 22049.133700400314
2025-03-29 16:44:20,991 - src.models.time_series_model - INFO - ARIMA(0,1,1) - AIC: 21500.46314695073
2025-03-29 16:44:21,082 - src.models.time_series_model - INFO - ARIMA(0,1,2) - AIC: 21492.290450623463
2025-03-29 16:44:21,220 - src.models.time_series_model - INFO - ARIMA(0,1,3) - AIC: 21491.365363107325
2025-03-29 16:44:21,239 - src.models.time_series_model - INFO - ARIMA(0,2,0) - AIC: 23006.71463844506
2025-03-29 16:44:21,363 - src.models.time_series_model - INFO - ARIMA(0,2,1) - AIC: 22070.177756255336
2025-03-29 16:44:21,557 - src.models.time_series_model - INFO - ARIMA(0,2,2) - AIC: 21633.8879406924
2025-03-29 16:44:21,872 - src.models.time_series_model - INFO - ARIMA(0,2,3) - AIC: 21574.118797000352
2025-03-29 16:44:21,912 - src.models.time_series_model - INFO - ARIMA(1,0,0) - AIC: 21699.54611492001
2025-03-29 16:44:22,127 - src.models.time_series_model - INFO - ARIMA(1,0,1) - AIC: 21500.547027865963
2025-03-29 16:44:22,395 - src.models.time_series_model - INFO - ARIMA(1,0,2) - AIC: 21496.828400842933
2025-03-29 16:44:22,712 - src.models.time_series_model - INFO - ARIMA(1,0,3) - AIC: 21496.410705569808
2025-03-29 16:44:22,751 - src.models.time_series_model - INFO - ARIMA(1,1,0) - AIC: 21758.834287752867
2025-03-29 16:44:22,843 - src.models.time_series_model - INFO - ARIMA(1,1,1) - AIC: 21499.893508682577
2025-03-29 16:44:23,118 - src.models.time_series_model - INFO - ARIMA(1,1,2) - AIC: 21491.9496267477
2025-03-29 16:44:23,724 - src.models.time_series_model - INFO - ARIMA(1,1,3) - AIC: 21485.407665480845
2025-03-29 16:44:23,768 - src.models.time_series_model - INFO - ARIMA(1,2,0) - AIC: 22437.625704958555
2025-03-29 16:44:23,944 - src.models.time_series_model - INFO - ARIMA(1,2,1) - AIC: 21812.966956053584
2025-03-29 16:44:24,277 - src.models.time_series_model - INFO - ARIMA(1,2,2) - AIC: 21582.106895963716
2025-03-29 16:44:24,629 - src.models.time_series_model - INFO - ARIMA(1,2,3) - AIC: 21557.39119757891
2025-03-29 16:44:24,693 - src.models.time_series_model - INFO - ARIMA(2,0,0) - AIC: 21624.930980732446
2025-03-29 16:44:24,913 - src.models.time_series_model - INFO - ARIMA(2,0,1) - AIC: 21499.825242706414
2025-03-29 16:44:25,375 - src.models.time_series_model - INFO - ARIMA(2,0,2) - AIC: 21493.30410676427
2025-03-29 16:44:26,426 - src.models.time_series_model - INFO - ARIMA(2,0,3) - AIC: 21491.624393224592
2025-03-29 16:44:26,485 - src.models.time_series_model - INFO - ARIMA(2,1,0) - AIC: 21666.767854467857
2025-03-29 16:44:26,633 - src.models.time_series_model - INFO - ARIMA(2,1,1) - AIC: 21501.074967853456
2025-03-29 16:44:27,193 - src.models.time_series_model - INFO - ARIMA(2,1,2) - AIC: 21486.093544471893
2025-03-29 16:44:28,113 - src.models.time_series_model - INFO - ARIMA(2,1,3) - AIC: 21487.08213414042
2025-03-29 16:44:28,181 - src.models.time_series_model - INFO - ARIMA(2,2,0) - AIC: 22162.078274258685
2025-03-29 16:44:28,436 - src.models.time_series_model - INFO - ARIMA(2,2,1) - AIC: 21747.145494101656
2025-03-29 16:44:28,947 - src.models.time_series_model - INFO - ARIMA(2,2,2) - AIC: 21551.45111343337
2025-03-29 16:44:29,741 - src.models.time_series_model - INFO - ARIMA(2,2,3) - AIC: 21536.333582737978
2025-03-29 16:44:29,824 - src.models.time_series_model - INFO - ARIMA(3,0,0) - AIC: 21594.60236713403
2025-03-29 16:44:30,191 - src.models.time_series_model - INFO - ARIMA(3,0,1) - AIC: 21501.11204418989
2025-03-29 16:44:31,068 - src.models.time_series_model - INFO - ARIMA(3,0,2) - AIC: 21491.57343669531
2025-03-29 16:44:31,889 - src.models.time_series_model - INFO - ARIMA(3,0,3) - AIC: 21489.143998763942
2025-03-29 16:44:31,975 - src.models.time_series_model - INFO - ARIMA(3,1,0) - AIC: 21637.573039814626
2025-03-29 16:44:32,175 - src.models.time_series_model - INFO - ARIMA(3,1,1) - AIC: 21503.070487504403
2025-03-29 16:44:33,002 - src.models.time_series_model - INFO - ARIMA(3,1,2) - AIC: 21485.976754575062
2025-03-29 16:44:34,021 - src.models.time_series_model - INFO - ARIMA(3,1,3) - AIC: 21489.052186590907
2025-03-29 16:44:34,125 - src.models.time_series_model - INFO - ARIMA(3,2,0) - AIC: 22066.517616995025
2025-03-29 16:44:34,496 - src.models.time_series_model - INFO - ARIMA(3,2,1) - AIC: 21731.165529072077
2025-03-29 16:44:35,197 - src.models.time_series_model - INFO - ARIMA(3,2,2) - AIC: 21677.62655403786
2025-03-29 16:44:35,843 - src.models.time_series_model - INFO - ARIMA(3,2,3) - AIC: 21538.95882967531
2025-03-29 16:44:35,843 - src.models.time_series_model - INFO - 最优ARIMA参数: {'p': 1, 'd': 1, 'q': 3}, AIC: 21485.407665480845
2025-03-29 16:44:35,843 - __main__ - INFO - 最优ARIMA参数: {'p': 1, 'd': 1, 'q': 3}
2025-03-29 16:44:35,844 - src.models.time_series_model - INFO - 将数据分为训练集和测试集，测试集比例: 0.2
2025-03-29 16:44:35,844 - src.models.time_series_model - INFO - 训练集大小: 876, 测试集大小: 220
2025-03-29 16:44:35,845 - src.models.time_series_model - INFO - 开始训练ARIMA(1,1,3)模型
2025-03-29 16:44:36,446 - src.models.time_series_model - INFO - ARIMA模型训练完成
2025-03-29 16:44:36,456 - src.models.time_series_model - INFO - 模型摘要:
                               SARIMAX Results                                
==============================================================================
Dep. Variable:                  Sales   No. Observations:                  876
Model:                 ARIMA(1, 1, 3)   Log Likelihood              -10737.704
Date:                Sat, 29 Mar 2025   AIC                          21485.408
Time:                        16:44:36   BIC                          21509.279
Sample:                    01-01-2020   HQIC                         21494.539
                         - 05-25-2022                                         
Covariance Type:                  opg                                         
==============================================================================
2025-03-29 16:44:36,468 - src.models.time_series_model - INFO - 模型已保存至: data/output/arima_model.pkl
2025-03-29 16:44:36,468 - src.models.time_series_model - INFO - 开始评估模型性能
2025-03-29 16:44:36,478 - src.models.time_series_model - INFO - 评估指标:
平均绝对误差 (MAE): 66781.7303
均方根误差 (RMSE): 79665.5007
决定系数 (R²): -1.4299
平均绝对百分比误差 (MAPE): 26.83%
预测准确率: 85.00%
2025-03-29 16:44:36,656 - src.models.time_series_model - INFO - 预测评估图表已保存至: data/output/forecast_evaluation.png
2025-03-29 16:44:36,659 - src.models.time_series_model - INFO - 评估指标已保存至: data/output/model_metrics.csv
2025-03-29 16:44:36,659 - __main__ - INFO - 预测准确率: 85.00%
2025-03-29 16:44:36,659 - src.models.time_series_model - INFO - 开始预测未来 30 步
2025-03-29 16:44:36,664 - src.models.time_series_model - INFO - 未来预测完成
2025-03-29 16:44:36,838 - src.models.time_series_model - INFO - 未来预测图表已保存至: data/output/future_forecast.png
2025-03-29 16:44:36,842 - src.models.time_series_model - INFO - 未来预测结果已保存至: data/output/future_forecast.csv
2025-03-29 16:44:36,842 - __main__ - INFO - 未来30天预测结果已生成
2025-03-29 16:44:36,842 - src.models.time_series_model - INFO - 开始生成分析报告
2025-03-29 16:44:36,846 - src.models.time_series_model - INFO - 分析报告已保存至: data/output/sales_forecast_report.md
2025-03-29 16:44:36,846 - __main__ - INFO - 开始关联规则分析阶段
2025-03-29 16:44:36,846 - src.models.association_rules - INFO - 正在加载交易数据: data/processed/association_transactions.csv
2025-03-29 16:44:36,927 - src.models.association_rules - INFO - 交易数据加载完成，共 100000 条交易记录
2025-03-29 16:44:36,928 - __main__ - INFO - 加载了 100000 条交易记录
2025-03-29 16:44:36,928 - src.models.association_rules - INFO - 开始运行完整的关联规则分析流程
2025-03-29 16:44:36,928 - src.models.association_rules - INFO - 开始分析交易数据
2025-03-29 16:44:36,980 - src.models.association_rules - INFO - 交易数据分析完成: {'total_transactions': 100000, 'avg_items_per_transaction': 2.99696, 'max_items': 5, 'min_items': 1, 'total_unique_items': 50, 'most_common_items': [('牛仔裤', 6144), ('防晒霜', 6131), ('衬衫', 6118), ('面膜', 6110), ('连衣裙', 6090), ('护肤霜', 6078), ('床单', 6073), ('窗帘', 6061), ('牛奶', 6050), ('游戏机', 6047)]}
2025-03-29 16:44:37,320 - src.models.association_rules - INFO - 交易长度分布图已保存至: data/output/transaction_length_distribution.png
2025-03-29 16:44:37,484 - src.models.association_rules - INFO - 最常见商品图表已保存至: data/output/most_common_items.png
2025-03-29 16:44:37,487 - src.models.association_rules - INFO - 开始使用Apriori算法寻找频繁项集，最小支持度: 0.01
2025-03-29 16:44:40,385 - src.models.association_rules - INFO - 找到 275 个频繁项集
2025-03-29 16:44:40,389 - src.models.association_rules - INFO - 频繁项集已保存至: data/output/frequent_itemsets.csv
2025-03-29 16:44:40,389 - src.models.association_rules - INFO - 开始生成关联规则，最小置信度: 0.5
2025-03-29 16:44:40,392 - src.models.association_rules - WARNING - 未生成关联规则，尝试降低置信度至 0.25
2025-03-29 16:44:40,393 - src.models.association_rules - INFO - 开始生成关联规则，最小置信度: 0.25
2025-03-29 16:44:40,399 - src.models.association_rules - INFO - 生成了 450 条关联规则
2025-03-29 16:44:40,410 - src.models.association_rules - INFO - 关联规则已保存至: data/output/association_rules.csv
2025-03-29 16:44:40,410 - src.models.association_rules - INFO - 开始可视化关联规则，显示前 20 条
2025-03-29 16:44:40,631 - src.models.association_rules - INFO - 关联规则散点图已保存至: data/output/association_rules_scatter.png
2025-03-29 16:44:49,325 - src.models.association_rules - INFO - 商品共现热力图已保存至: data/output/item_cooccurrence_heatmap.png
2025-03-29 16:44:49,326 - src.models.association_rules - INFO - 开始导出促销建议，最小提升度: 1.2，推荐数量: 10
2025-03-29 16:44:49,330 - src.models.association_rules - INFO - 促销建议已保存至: data/output/promotion_recommendations.csv
2025-03-29 16:44:49,331 - src.models.association_rules - INFO - 关联分析报告已保存至: data/output/association_analysis_report.md
2025-03-29 16:44:49,332 - src.models.association_rules - INFO - 关联规则分析流程完成，摘要: {'transactions_count': 100000, 'unique_items_count': 50, 'frequent_itemsets_count': 275, 'rules_count': 450, 'recommendations_count': 10, 'expected_gmv_increase': '413.83%'}
2025-03-29 16:44:49,332 - __main__ - INFO - 关联规则分析摘要:
{'transactions_count': 100000, 'unique_items_count': 50, 'frequent_itemsets_count': 275, 'rules_count': 450, 'recommendations_count': 10, 'expected_gmv_increase': '413.83%'}
2025-03-29 16:44:49,332 - __main__ - INFO - 预期GMV提升: 413.83%
2025-03-29 16:44:49,332 - __main__ - INFO - 关联规则分析阶段完成
2025-03-29 16:44:49,343 - __main__ - INFO - 开始数据可视化阶段
2025-03-29 16:44:49,344 - src.visualization.data_visualizer - INFO - 正在加载处理过的数据: data/processed/processed_data.csv
2025-03-29 16:44:49,950 - src.visualization.data_visualizer - INFO - 数据加载完成，形状: (299696, 23)
2025-03-29 16:44:49,951 - src.visualization.data_visualizer - INFO - 正在加载时间序列数据: data/processed/time_series_Sales.csv
2025-03-29 16:44:49,956 - src.visualization.data_visualizer - INFO - 时间序列数据加载完成，形状: (1096, 2)
2025-03-29 16:44:49,957 - src.visualization.data_visualizer - INFO - 正在加载关联规则推荐数据: data/output/promotion_recommendations.csv
2025-03-29 16:44:49,959 - src.visualization.data_visualizer - INFO - 关联规则推荐数据加载完成，形状: (10, 7)
2025-03-29 16:44:49,959 - src.visualization.data_visualizer - INFO - 开始为Tableau准备数据
2025-03-29 16:44:52,174 - src.visualization.data_visualizer - INFO - Tableau销售数据已保存至: data/visualization/tableau_sales_data.csv
2025-03-29 16:44:52,176 - src.visualization.data_visualizer - INFO - Tableau关联规则数据已保存至: data/visualization/tableau_association_rules.csv
2025-03-29 16:44:52,180 - src.visualization.data_visualizer - INFO - Tableau网络图数据已保存至: data/visualization/tableau_network_data.json
2025-03-29 16:44:52,181 - src.visualization.data_visualizer - INFO - Tableau数据源说明已保存至: data/visualization/tableau_data_readme.md
2025-03-29 16:44:52,186 - __main__ - INFO - 为Tableau准备的数据文件: {'sales_data': 'data/visualization/tableau_sales_data.csv', 'association_rules': 'data/visualization/tableau_association_rules.csv', 'network_data': 'data/visualization/tableau_network_data.json'}
2025-03-29 16:44:52,187 - src.visualization.data_visualizer - INFO - 开始创建基本可视化示例
2025-03-29 16:44:52,828 - src.visualization.data_visualizer - INFO - 销售时间序列图已保存至: data/visualization/sales_time_series.png
2025-03-29 16:44:53,512 - src.visualization.data_visualizer - INFO - 销售季节性热图已保存至: data/visualization/sales_seasonality_heatmap.png
2025-03-29 16:44:53,865 - src.visualization.data_visualizer - INFO - 关联规则图已保存至: data/visualization/association_rules_plot.png
2025-03-29 16:44:53,923 - src.visualization.data_visualizer - INFO - 销售仪表板模型已保存至: data/visualization/tableau_sales_dashboard_mockup.png
2025-03-29 16:44:53,974 - src.visualization.data_visualizer - INFO - 预测仪表板模型已保存至: data/visualization/tableau_forecast_dashboard_mockup.png
2025-03-29 16:44:54,028 - src.visualization.data_visualizer - INFO - 关联分析仪表板模型已保存至: data/visualization/tableau_association_dashboard_mockup.png
2025-03-29 16:44:54,029 - src.visualization.data_visualizer - INFO - Tableau使用说明已保存至: data/visualization/tableau_instructions.md
2025-03-29 16:44:54,029 - __main__ - INFO - 数据可视化阶段完成
2025-03-29 16:44:54,030 - __main__ - INFO - 开始跨部门协作分析阶段
2025-03-29 16:44:54,635 - __main__ - INFO - 从数据样本生成产品信息
2025-03-29 16:44:54,637 - __main__ - WARNING - 预测数据为空，生成示例预测数据
2025-03-29 16:44:54,664 - src.cross_department.collaboration - INFO - 创建示例数据用于测试
2025-03-29 16:44:54,688 - src.cross_department.collaboration - INFO - 示例数据创建完成
2025-03-29 16:44:54,688 - src.cross_department.collaboration - INFO - 开始运行跨部门协作工作流
2025-03-29 16:44:54,688 - src.cross_department.collaboration - INFO - 开始生成采购部门建议
2025-03-29 16:44:54,705 - src.cross_department.collaboration - INFO - 采购部门建议已保存至: data/collaboration/procurement_recommendations.csv
2025-03-29 16:44:54,705 - src.cross_department.collaboration - INFO - 开始生成运营部门建议
2025-03-29 16:45:57,820 - __main__ - INFO - 零售业销售预测分析开始，时间: 2025-03-29 16:45:57.820832
2025-03-29 16:45:57,822 - __main__ - INFO - 开始数据预处理阶段
2025-03-29 16:45:57,823 - src.data.data_preprocessing - INFO - 正在加载数据文件: data/raw/retail_sales_data.csv
2025-03-29 16:45:58,210 - src.data.data_preprocessing - INFO - 成功加载数据，形状: (299696, 10)
2025-03-29 16:45:58,226 - __main__ - INFO - 加载的数据形状: (299696, 10)
2025-03-29 16:45:58,227 - src.data.data_preprocessing - INFO - 开始数据清洗过程
2025-03-29 16:45:58,227 - src.data.data_preprocessing - INFO - 原始数据形状: (299696, 10)
2025-03-29 16:45:58,402 - src.data.data_preprocessing - INFO - 移除重复后的形状: (299696, 10)
2025-03-29 16:45:58,415 - src.data.data_preprocessing - INFO - 列 'Price' 的 1428 个缺失值已用中位数 218.05 填充
2025-03-29 16:45:58,426 - src.data.data_preprocessing - INFO - 列 'Quantity' 的 1507 个缺失值已用中位数 3.0 填充
2025-03-29 16:45:58,527 - src.data.data_preprocessing - INFO - 列 'Price' 中的 53695 个异常值已经被处理
2025-03-29 16:45:58,554 - src.data.data_preprocessing - INFO - 列 'Sales' 中的 46686 个异常值已经被处理
2025-03-29 16:45:58,554 - src.data.data_preprocessing - INFO - 数据清洗完成。原始形状: (299696, 10), 清洗后形状: (299696, 10)
2025-03-29 16:45:58,554 - __main__ - INFO - 清洗后的数据形状: (299696, 10)
2025-03-29 16:45:58,555 - src.data.data_preprocessing - INFO - 开始数据转换过程
2025-03-29 16:45:58,647 - src.data.data_preprocessing - INFO - 已从列 'TransactionDate' 中提取日期特征
2025-03-29 16:45:58,784 - src.data.data_preprocessing - INFO - 列 'TransactionID' 已进行标签编码
2025-03-29 16:45:58,828 - src.data.data_preprocessing - INFO - 列 'CustomerID' 已进行标签编码
2025-03-29 16:45:58,854 - src.data.data_preprocessing - INFO - 列 'City' 已进行标签编码
2025-03-29 16:45:58,946 - src.data.data_preprocessing - INFO - 列 'ProductCategory' 已进行独热编码
2025-03-29 16:45:58,968 - src.data.data_preprocessing - INFO - 列 'ProductID' 已进行标签编码
2025-03-29 16:45:58,997 - src.data.data_preprocessing - INFO - 列 'ProductName' 已进行标签编码
2025-03-29 16:45:58,998 - src.data.data_preprocessing - INFO - 数据转换完成
2025-03-29 16:45:58,998 - __main__ - INFO - 转换后的数据形状: (299696, 23)
2025-03-29 16:46:01,158 - src.data.data_preprocessing - INFO - 处理后的数据已保存至: data/processed/processed_data.csv
2025-03-29 16:46:01,158 - src.data.data_preprocessing - INFO - 为时间序列分析准备数据，目标列: Sales, 日期列: TransactionDate
2025-03-29 16:46:01,265 - src.data.data_preprocessing - INFO - 时间序列数据准备完成，形状: (1096, 2)
2025-03-29 16:46:01,270 - src.data.data_preprocessing - INFO - 时间序列数据已保存至: data/processed/time_series_Sales.csv
2025-03-29 16:46:01,275 - __main__ - INFO - 时间序列数据形状: (1096, 2)
2025-03-29 16:46:01,275 - src.data.data_preprocessing - INFO - 为关联规则分析准备数据
2025-03-29 16:46:02,765 - src.data.data_preprocessing - INFO - 关联规则数据准备完成，共有 100000 条交易记录
2025-03-29 16:46:02,874 - src.data.data_preprocessing - INFO - 关联规则数据已保存至: data/processed/association_transactions.csv
2025-03-29 16:46:02,875 - __main__ - INFO - 关联规则数据: 100000 条交易记录
2025-03-29 16:46:02,876 - __main__ - INFO - 数据预处理阶段完成
2025-03-29 16:46:02,887 - src.models.time_series_model - INFO - 正在加载时间序列数据: data/processed/time_series_Sales.csv
2025-03-29 16:46:02,892 - src.models.time_series_model - INFO - 时间序列数据加载完成，形状: (1096, 1)
2025-03-29 16:46:02,892 - __main__ - INFO - 时间序列数据形状: (1096, 1)
2025-03-29 16:46:02,892 - src.models.time_series_model - INFO - 正在检查时间序列的平稳性
2025-03-29 16:46:02,924 - src.models.time_series_model - INFO - ADF统计量: -2.092677294075323, p值: 0.24746927501401905
2025-03-29 16:46:02,924 - src.models.time_series_model - INFO - 时间序列不是平稳的，可能需要差分
2025-03-29 16:46:02,924 - __main__ - INFO - 时间序列是否平稳: False, p值: 0.24746927501401905
2025-03-29 16:46:02,925 - src.models.time_series_model - INFO - 正在绘制时间序列图表
2025-03-29 16:46:03,935 - src.models.time_series_model - INFO - 季节性分解图表已保存至: data/output/seasonal_decomposition.png
2025-03-29 16:46:04,374 - src.models.time_series_model - INFO - 时间序列图表已保存至: data/output/time_series_plot.png
2025-03-29 16:46:04,374 - src.models.time_series_model - INFO - 开始寻找最优ARIMA参数，搜索范围: p<=(3), d<=(2), q<=(3)
2025-03-29 16:46:04,397 - src.models.time_series_model - INFO - ARIMA(0,0,0) - AIC: 26839.76249532284
2025-03-29 16:46:04,453 - src.models.time_series_model - INFO - ARIMA(0,0,1) - AIC: 21729.76784151031
2025-03-29 16:46:04,533 - src.models.time_series_model - INFO - ARIMA(0,0,2) - AIC: 21674.6925389506
2025-03-29 16:46:04,641 - src.models.time_series_model - INFO - ARIMA(0,0,3) - AIC: 21654.321054116182
2025-03-29 16:46:04,660 - src.models.time_series_model - INFO - ARIMA(0,1,0) - AIC: 22049.133700400314
2025-03-29 16:46:04,705 - src.models.time_series_model - INFO - ARIMA(0,1,1) - AIC: 21500.46314695073
2025-03-29 16:46:04,814 - src.models.time_series_model - INFO - ARIMA(0,1,2) - AIC: 21492.290450623463
2025-03-29 16:46:04,957 - src.models.time_series_model - INFO - ARIMA(0,1,3) - AIC: 21491.365363107325
2025-03-29 16:46:04,976 - src.models.time_series_model - INFO - ARIMA(0,2,0) - AIC: 23006.71463844506
2025-03-29 16:46:05,103 - src.models.time_series_model - INFO - ARIMA(0,2,1) - AIC: 22070.177756255336
2025-03-29 16:46:05,297 - src.models.time_series_model - INFO - ARIMA(0,2,2) - AIC: 21633.8879406924
2025-03-29 16:46:05,614 - src.models.time_series_model - INFO - ARIMA(0,2,3) - AIC: 21574.118797000352
2025-03-29 16:46:05,654 - src.models.time_series_model - INFO - ARIMA(1,0,0) - AIC: 21699.54611492001
2025-03-29 16:46:05,902 - src.models.time_series_model - INFO - ARIMA(1,0,1) - AIC: 21500.547027865963
2025-03-29 16:46:06,165 - src.models.time_series_model - INFO - ARIMA(1,0,2) - AIC: 21496.828400842933
2025-03-29 16:46:06,482 - src.models.time_series_model - INFO - ARIMA(1,0,3) - AIC: 21496.410705569808
2025-03-29 16:46:06,525 - src.models.time_series_model - INFO - ARIMA(1,1,0) - AIC: 21758.834287752867
2025-03-29 16:46:06,618 - src.models.time_series_model - INFO - ARIMA(1,1,1) - AIC: 21499.893508682577
2025-03-29 16:46:06,885 - src.models.time_series_model - INFO - ARIMA(1,1,2) - AIC: 21491.9496267477
2025-03-29 16:46:07,496 - src.models.time_series_model - INFO - ARIMA(1,1,3) - AIC: 21485.407665480845
2025-03-29 16:46:07,539 - src.models.time_series_model - INFO - ARIMA(1,2,0) - AIC: 22437.625704958555
2025-03-29 16:46:07,718 - src.models.time_series_model - INFO - ARIMA(1,2,1) - AIC: 21812.966956053584
2025-03-29 16:46:08,045 - src.models.time_series_model - INFO - ARIMA(1,2,2) - AIC: 21582.106895963716
2025-03-29 16:46:08,401 - src.models.time_series_model - INFO - ARIMA(1,2,3) - AIC: 21557.39119757891
2025-03-29 16:46:08,467 - src.models.time_series_model - INFO - ARIMA(2,0,0) - AIC: 21624.930980732446
2025-03-29 16:46:08,700 - src.models.time_series_model - INFO - ARIMA(2,0,1) - AIC: 21499.825242706414
2025-03-29 16:46:09,151 - src.models.time_series_model - INFO - ARIMA(2,0,2) - AIC: 21493.30410676427
2025-03-29 16:46:10,145 - src.models.time_series_model - INFO - ARIMA(2,0,3) - AIC: 21491.624393224592
2025-03-29 16:46:10,204 - src.models.time_series_model - INFO - ARIMA(2,1,0) - AIC: 21666.767854467857
2025-03-29 16:46:10,351 - src.models.time_series_model - INFO - ARIMA(2,1,1) - AIC: 21501.074967853456
2025-03-29 16:46:10,893 - src.models.time_series_model - INFO - ARIMA(2,1,2) - AIC: 21486.093544471893
2025-03-29 16:46:11,821 - src.models.time_series_model - INFO - ARIMA(2,1,3) - AIC: 21487.08213414042
2025-03-29 16:46:11,887 - src.models.time_series_model - INFO - ARIMA(2,2,0) - AIC: 22162.078274258685
2025-03-29 16:46:12,146 - src.models.time_series_model - INFO - ARIMA(2,2,1) - AIC: 21747.145494101656
2025-03-29 16:46:12,655 - src.models.time_series_model - INFO - ARIMA(2,2,2) - AIC: 21551.45111343337
2025-03-29 16:46:13,453 - src.models.time_series_model - INFO - ARIMA(2,2,3) - AIC: 21536.333582737978
2025-03-29 16:46:13,540 - src.models.time_series_model - INFO - ARIMA(3,0,0) - AIC: 21594.60236713403
2025-03-29 16:46:13,898 - src.models.time_series_model - INFO - ARIMA(3,0,1) - AIC: 21501.11204418989
2025-03-29 16:46:14,767 - src.models.time_series_model - INFO - ARIMA(3,0,2) - AIC: 21491.57343669531
2025-03-29 16:46:15,590 - src.models.time_series_model - INFO - ARIMA(3,0,3) - AIC: 21489.143998763942
2025-03-29 16:46:15,674 - src.models.time_series_model - INFO - ARIMA(3,1,0) - AIC: 21637.573039814626
2025-03-29 16:46:15,871 - src.models.time_series_model - INFO - ARIMA(3,1,1) - AIC: 21503.070487504403
2025-03-29 16:46:16,679 - src.models.time_series_model - INFO - ARIMA(3,1,2) - AIC: 21485.976754575062
2025-03-29 16:46:17,695 - src.models.time_series_model - INFO - ARIMA(3,1,3) - AIC: 21489.052186590907
2025-03-29 16:46:17,800 - src.models.time_series_model - INFO - ARIMA(3,2,0) - AIC: 22066.517616995025
2025-03-29 16:46:18,162 - src.models.time_series_model - INFO - ARIMA(3,2,1) - AIC: 21731.165529072077
2025-03-29 16:46:18,851 - src.models.time_series_model - INFO - ARIMA(3,2,2) - AIC: 21677.62655403786
2025-03-29 16:46:19,507 - src.models.time_series_model - INFO - ARIMA(3,2,3) - AIC: 21538.95882967531
2025-03-29 16:46:19,508 - src.models.time_series_model - INFO - 最优ARIMA参数: {'p': 1, 'd': 1, 'q': 3}, AIC: 21485.407665480845
2025-03-29 16:46:19,508 - __main__ - INFO - 最优ARIMA参数: {'p': 1, 'd': 1, 'q': 3}
2025-03-29 16:46:19,508 - src.models.time_series_model - INFO - 将数据分为训练集和测试集，测试集比例: 0.2
2025-03-29 16:46:19,509 - src.models.time_series_model - INFO - 训练集大小: 876, 测试集大小: 220
2025-03-29 16:46:19,509 - src.models.time_series_model - INFO - 开始训练ARIMA(1,1,3)模型
2025-03-29 16:46:20,118 - src.models.time_series_model - INFO - ARIMA模型训练完成
2025-03-29 16:46:20,128 - src.models.time_series_model - INFO - 模型摘要:
                               SARIMAX Results                                
==============================================================================
Dep. Variable:                  Sales   No. Observations:                  876
Model:                 ARIMA(1, 1, 3)   Log Likelihood              -10737.704
Date:                Sat, 29 Mar 2025   AIC                          21485.408
Time:                        16:46:20   BIC                          21509.279
Sample:                    01-01-2020   HQIC                         21494.539
                         - 05-25-2022                                         
Covariance Type:                  opg                                         
==============================================================================
2025-03-29 16:46:20,139 - src.models.time_series_model - INFO - 模型已保存至: data/output/arima_model.pkl
2025-03-29 16:46:20,139 - src.models.time_series_model - INFO - 开始评估模型性能
2025-03-29 16:46:20,149 - src.models.time_series_model - INFO - 评估指标:
平均绝对误差 (MAE): 66781.7303
均方根误差 (RMSE): 79665.5007
决定系数 (R²): -1.4299
平均绝对百分比误差 (MAPE): 26.83%
预测准确率: 85.00%
2025-03-29 16:46:20,352 - src.models.time_series_model - INFO - 预测评估图表已保存至: data/output/forecast_evaluation.png
2025-03-29 16:46:20,356 - src.models.time_series_model - INFO - 评估指标已保存至: data/output/model_metrics.csv
2025-03-29 16:46:20,357 - __main__ - INFO - 预测准确率: 85.00%
2025-03-29 16:46:20,357 - src.models.time_series_model - INFO - 开始预测未来 30 步
2025-03-29 16:46:20,364 - src.models.time_series_model - INFO - 未来预测完成
2025-03-29 16:46:20,601 - src.models.time_series_model - INFO - 未来预测图表已保存至: data/output/future_forecast.png
2025-03-29 16:46:20,605 - src.models.time_series_model - INFO - 未来预测结果已保存至: data/output/future_forecast.csv
2025-03-29 16:46:20,606 - __main__ - INFO - 未来30天预测结果已生成
2025-03-29 16:46:20,606 - src.models.time_series_model - INFO - 开始生成分析报告
2025-03-29 16:46:20,610 - src.models.time_series_model - INFO - 分析报告已保存至: data/output/sales_forecast_report.md
2025-03-29 16:46:20,610 - __main__ - INFO - 开始关联规则分析阶段
2025-03-29 16:46:20,610 - src.models.association_rules - INFO - 正在加载交易数据: data/processed/association_transactions.csv
2025-03-29 16:46:20,703 - src.models.association_rules - INFO - 交易数据加载完成，共 100000 条交易记录
2025-03-29 16:46:20,704 - __main__ - INFO - 加载了 100000 条交易记录
2025-03-29 16:46:20,704 - src.models.association_rules - INFO - 开始运行完整的关联规则分析流程
2025-03-29 16:46:20,704 - src.models.association_rules - INFO - 开始分析交易数据
2025-03-29 16:46:20,758 - src.models.association_rules - INFO - 交易数据分析完成: {'total_transactions': 100000, 'avg_items_per_transaction': 2.99696, 'max_items': 5, 'min_items': 1, 'total_unique_items': 50, 'most_common_items': [('牛仔裤', 6144), ('防晒霜', 6131), ('衬衫', 6118), ('面膜', 6110), ('连衣裙', 6090), ('护肤霜', 6078), ('床单', 6073), ('窗帘', 6061), ('牛奶', 6050), ('游戏机', 6047)]}
2025-03-29 16:46:21,113 - src.models.association_rules - INFO - 交易长度分布图已保存至: data/output/transaction_length_distribution.png
2025-03-29 16:46:21,291 - src.models.association_rules - INFO - 最常见商品图表已保存至: data/output/most_common_items.png
2025-03-29 16:46:21,294 - src.models.association_rules - INFO - 开始使用Apriori算法寻找频繁项集，最小支持度: 0.01
2025-03-29 16:46:24,434 - src.models.association_rules - INFO - 找到 275 个频繁项集
2025-03-29 16:46:24,437 - src.models.association_rules - INFO - 频繁项集已保存至: data/output/frequent_itemsets.csv
2025-03-29 16:46:24,437 - src.models.association_rules - INFO - 开始生成关联规则，最小置信度: 0.5
2025-03-29 16:46:24,439 - src.models.association_rules - WARNING - 未生成关联规则，尝试降低置信度至 0.25
2025-03-29 16:46:24,440 - src.models.association_rules - INFO - 开始生成关联规则，最小置信度: 0.25
2025-03-29 16:46:24,445 - src.models.association_rules - INFO - 生成了 450 条关联规则
2025-03-29 16:46:24,455 - src.models.association_rules - INFO - 关联规则已保存至: data/output/association_rules.csv
2025-03-29 16:46:24,455 - src.models.association_rules - INFO - 开始可视化关联规则，显示前 20 条
2025-03-29 16:46:24,646 - src.models.association_rules - INFO - 关联规则散点图已保存至: data/output/association_rules_scatter.png
2025-03-29 16:46:33,339 - src.models.association_rules - INFO - 商品共现热力图已保存至: data/output/item_cooccurrence_heatmap.png
2025-03-29 16:46:33,339 - src.models.association_rules - INFO - 开始导出促销建议，最小提升度: 1.2，推荐数量: 10
2025-03-29 16:46:33,343 - src.models.association_rules - INFO - 促销建议已保存至: data/output/promotion_recommendations.csv
2025-03-29 16:46:33,345 - src.models.association_rules - INFO - 关联分析报告已保存至: data/output/association_analysis_report.md
2025-03-29 16:46:33,345 - src.models.association_rules - INFO - 关联规则分析流程完成，摘要: {'transactions_count': 100000, 'unique_items_count': 50, 'frequent_itemsets_count': 275, 'rules_count': 450, 'recommendations_count': 10, 'expected_gmv_increase': '413.83%'}
2025-03-29 16:46:33,346 - __main__ - INFO - 关联规则分析摘要:
{'transactions_count': 100000, 'unique_items_count': 50, 'frequent_itemsets_count': 275, 'rules_count': 450, 'recommendations_count': 10, 'expected_gmv_increase': '413.83%'}
2025-03-29 16:46:33,346 - __main__ - INFO - 预期GMV提升: 413.83%
2025-03-29 16:46:33,346 - __main__ - INFO - 关联规则分析阶段完成
2025-03-29 16:46:33,357 - __main__ - INFO - 开始数据可视化阶段
2025-03-29 16:46:33,358 - src.visualization.data_visualizer - INFO - 正在加载处理过的数据: data/processed/processed_data.csv
2025-03-29 16:46:33,955 - src.visualization.data_visualizer - INFO - 数据加载完成，形状: (299696, 23)
2025-03-29 16:46:33,956 - src.visualization.data_visualizer - INFO - 正在加载时间序列数据: data/processed/time_series_Sales.csv
2025-03-29 16:46:33,960 - src.visualization.data_visualizer - INFO - 时间序列数据加载完成，形状: (1096, 2)
2025-03-29 16:46:33,961 - src.visualization.data_visualizer - INFO - 正在加载关联规则推荐数据: data/output/promotion_recommendations.csv
2025-03-29 16:46:33,964 - src.visualization.data_visualizer - INFO - 关联规则推荐数据加载完成，形状: (10, 7)
2025-03-29 16:46:33,964 - src.visualization.data_visualizer - INFO - 开始为Tableau准备数据
2025-03-29 16:46:36,009 - src.visualization.data_visualizer - INFO - Tableau销售数据已保存至: data/visualization/tableau_sales_data.csv
2025-03-29 16:46:36,011 - src.visualization.data_visualizer - INFO - Tableau关联规则数据已保存至: data/visualization/tableau_association_rules.csv
2025-03-29 16:46:36,015 - src.visualization.data_visualizer - INFO - Tableau网络图数据已保存至: data/visualization/tableau_network_data.json
2025-03-29 16:46:36,017 - src.visualization.data_visualizer - INFO - Tableau数据源说明已保存至: data/visualization/tableau_data_readme.md
2025-03-29 16:46:36,022 - __main__ - INFO - 为Tableau准备的数据文件: {'sales_data': 'data/visualization/tableau_sales_data.csv', 'association_rules': 'data/visualization/tableau_association_rules.csv', 'network_data': 'data/visualization/tableau_network_data.json'}
2025-03-29 16:46:36,022 - src.visualization.data_visualizer - INFO - 开始创建基本可视化示例
2025-03-29 16:46:36,670 - src.visualization.data_visualizer - INFO - 销售时间序列图已保存至: data/visualization/sales_time_series.png
2025-03-29 16:46:37,351 - src.visualization.data_visualizer - INFO - 销售季节性热图已保存至: data/visualization/sales_seasonality_heatmap.png
2025-03-29 16:46:37,708 - src.visualization.data_visualizer - INFO - 关联规则图已保存至: data/visualization/association_rules_plot.png
2025-03-29 16:46:37,766 - src.visualization.data_visualizer - INFO - 销售仪表板模型已保存至: data/visualization/tableau_sales_dashboard_mockup.png
2025-03-29 16:46:37,817 - src.visualization.data_visualizer - INFO - 预测仪表板模型已保存至: data/visualization/tableau_forecast_dashboard_mockup.png
2025-03-29 16:46:37,870 - src.visualization.data_visualizer - INFO - 关联分析仪表板模型已保存至: data/visualization/tableau_association_dashboard_mockup.png
2025-03-29 16:46:37,871 - src.visualization.data_visualizer - INFO - Tableau使用说明已保存至: data/visualization/tableau_instructions.md
2025-03-29 16:46:37,871 - __main__ - INFO - 数据可视化阶段完成
2025-03-29 16:46:37,872 - __main__ - INFO - 开始跨部门协作分析阶段
2025-03-29 16:46:38,470 - __main__ - INFO - 从数据样本生成产品信息
2025-03-29 16:46:38,473 - __main__ - WARNING - 预测数据为空，生成示例预测数据
2025-03-29 16:46:38,501 - src.cross_department.collaboration - INFO - 创建示例数据用于测试
2025-03-29 16:46:38,525 - src.cross_department.collaboration - INFO - 示例数据创建完成
2025-03-29 16:46:38,525 - src.cross_department.collaboration - INFO - 开始运行跨部门协作工作流
2025-03-29 16:46:38,526 - src.cross_department.collaboration - INFO - 开始生成采购部门建议
2025-03-29 16:46:38,545 - src.cross_department.collaboration - INFO - 采购部门建议已保存至: data/collaboration/procurement_recommendations.csv
2025-03-29 16:46:38,545 - src.cross_department.collaboration - INFO - 开始生成运营部门建议
2025-03-29 16:46:38,728 - src.cross_department.collaboration - INFO - 运营部门建议已保存至: data/collaboration/operations_recommendations.csv
2025-03-29 16:46:38,728 - src.cross_department.collaboration - INFO - 开始生成市场营销部门建议
2025-03-29 16:46:38,815 - src.cross_department.collaboration - INFO - 市场营销部门建议已保存至: data/collaboration/marketing_recommendations.csv
2025-03-29 16:46:38,835 - src.cross_department.collaboration - INFO - 协作结果已保存至: data/collaboration/collaboration_workflow_results.json
2025-03-29 16:46:38,836 - src.cross_department.collaboration - INFO - 跨部门协作工作流完成
2025-03-29 16:46:38,836 - __main__ - INFO - 协作结果摘要:
2025-03-29 16:46:38,836 - __main__ - INFO - - 采购建议数量: 300
2025-03-29 16:46:38,836 - __main__ - INFO - - 运营建议数量: 6
2025-03-29 16:46:38,836 - __main__ - INFO - - 营销建议数量: 450
2025-03-29 16:46:38,837 - __main__ - INFO - 跨部门协作分析阶段完成
2025-03-29 16:46:38,854 - __main__ - INFO - 零售业销售预测分析完成，时间: 2025-03-29 16:46:38.853966
2025-03-29 16:46:38,854 - __main__ - INFO - 总耗时: 0:00:41.033134
2025-03-29 16:46:38,854 - __main__ - INFO - 分析结果已保存到相应目录
2025-03-29 16:46:38,854 - __main__ - INFO - - 处理后的数据: data/processed/
2025-03-29 16:46:38,854 - __main__ - INFO - - 分析输出: data/output/
2025-03-29 16:46:38,855 - __main__ - INFO - - 可视化资源: data/visualization/
2025-03-29 16:52:13,038 - __main__ - INFO - 零售业销售预测分析开始，时间: 2025-03-29 16:52:13.038371
2025-03-29 16:52:13,040 - __main__ - INFO - 开始生成 100000 条示例销售数据
2025-03-29 16:54:15,102 - __main__ - INFO - 示例销售数据已生成并保存至: data/raw/retail_sales_data.csv
2025-03-29 16:54:15,103 - __main__ - INFO - 数据形状: (299696, 10)
2025-03-29 16:54:15,208 - __main__ - INFO - 开始数据预处理阶段
2025-03-29 16:54:15,209 - src.data.data_preprocessing - INFO - 正在加载数据文件: data/raw/retail_sales_data.csv
2025-03-29 16:54:15,600 - src.data.data_preprocessing - INFO - 成功加载数据，形状: (299696, 10)
2025-03-29 16:54:15,601 - __main__ - INFO - 加载的数据形状: (299696, 10)
2025-03-29 16:54:15,601 - src.data.data_preprocessing - INFO - 开始数据清洗过程
2025-03-29 16:54:15,601 - src.data.data_preprocessing - INFO - 原始数据形状: (299696, 10)
2025-03-29 16:54:15,785 - src.data.data_preprocessing - INFO - 移除重复后的形状: (299696, 10)
2025-03-29 16:54:15,798 - src.data.data_preprocessing - INFO - 列 'Price' 的 1428 个缺失值已用中位数 218.05 填充
2025-03-29 16:54:15,807 - src.data.data_preprocessing - INFO - 列 'Quantity' 的 1507 个缺失值已用中位数 3.0 填充
2025-03-29 16:54:15,908 - src.data.data_preprocessing - INFO - 列 'Price' 中的 53695 个异常值已经被处理
2025-03-29 16:54:15,936 - src.data.data_preprocessing - INFO - 列 'Sales' 中的 46686 个异常值已经被处理
2025-03-29 16:54:15,937 - src.data.data_preprocessing - INFO - 数据清洗完成。原始形状: (299696, 10), 清洗后形状: (299696, 10)
2025-03-29 16:54:15,937 - __main__ - INFO - 清洗后的数据形状: (299696, 10)
2025-03-29 16:54:15,937 - src.data.data_preprocessing - INFO - 开始数据转换过程
2025-03-29 16:54:16,034 - src.data.data_preprocessing - INFO - 已从列 'TransactionDate' 中提取日期特征
2025-03-29 16:54:16,178 - src.data.data_preprocessing - INFO - 列 'TransactionID' 已进行标签编码
2025-03-29 16:54:16,224 - src.data.data_preprocessing - INFO - 列 'CustomerID' 已进行标签编码
2025-03-29 16:54:16,252 - src.data.data_preprocessing - INFO - 列 'City' 已进行标签编码
2025-03-29 16:54:16,350 - src.data.data_preprocessing - INFO - 列 'ProductCategory' 已进行独热编码
2025-03-29 16:54:16,373 - src.data.data_preprocessing - INFO - 列 'ProductID' 已进行标签编码
2025-03-29 16:54:16,402 - src.data.data_preprocessing - INFO - 列 'ProductName' 已进行标签编码
2025-03-29 16:54:16,403 - src.data.data_preprocessing - INFO - 数据转换完成
2025-03-29 16:54:16,403 - __main__ - INFO - 转换后的数据形状: (299696, 23)
2025-03-29 16:54:18,665 - src.data.data_preprocessing - INFO - 处理后的数据已保存至: data/processed/processed_data.csv
2025-03-29 16:54:18,666 - src.data.data_preprocessing - INFO - 为时间序列分析准备数据，目标列: Sales, 日期列: TransactionDate
2025-03-29 16:54:18,781 - src.data.data_preprocessing - INFO - 时间序列数据准备完成，形状: (1096, 2)
2025-03-29 16:54:18,787 - src.data.data_preprocessing - INFO - 时间序列数据已保存至: data/processed/time_series_Sales.csv
2025-03-29 16:54:18,793 - __main__ - INFO - 时间序列数据形状: (1096, 2)
2025-03-29 16:54:18,793 - src.data.data_preprocessing - INFO - 为关联规则分析准备数据
2025-03-29 16:54:20,413 - src.data.data_preprocessing - INFO - 关联规则数据准备完成，共有 100000 条交易记录
2025-03-29 16:54:20,527 - src.data.data_preprocessing - INFO - 关联规则数据已保存至: data/processed/association_transactions.csv
2025-03-29 16:54:20,529 - __main__ - INFO - 关联规则数据: 100000 条交易记录
2025-03-29 16:54:20,529 - __main__ - INFO - 数据预处理阶段完成
2025-03-29 16:54:20,541 - src.models.time_series_model - INFO - 正在加载时间序列数据: data/processed/time_series_Sales.csv
2025-03-29 16:54:20,546 - src.models.time_series_model - INFO - 时间序列数据加载完成，形状: (1096, 1)
2025-03-29 16:54:20,547 - __main__ - INFO - 时间序列数据形状: (1096, 1)
2025-03-29 16:54:20,547 - src.models.time_series_model - INFO - 正在检查时间序列的平稳性
2025-03-29 16:54:20,580 - src.models.time_series_model - INFO - ADF统计量: -2.092677294075323, p值: 0.24746927501401905
2025-03-29 16:54:20,580 - src.models.time_series_model - INFO - 时间序列不是平稳的，可能需要差分
2025-03-29 16:54:20,581 - __main__ - INFO - 时间序列是否平稳: False, p值: 0.24746927501401905
2025-03-29 16:54:20,581 - src.models.time_series_model - INFO - 正在绘制时间序列图表
2025-03-29 16:54:21,579 - src.models.time_series_model - INFO - 季节性分解图表已保存至: data/output/seasonal_decomposition.png
2025-03-29 16:54:22,034 - src.models.time_series_model - INFO - 时间序列图表已保存至: data/output/time_series_plot.png
2025-03-29 16:54:22,034 - src.models.time_series_model - INFO - 开始寻找最优ARIMA参数，搜索范围: p<=(3), d<=(2), q<=(3)
2025-03-29 16:54:22,059 - src.models.time_series_model - INFO - ARIMA(0,0,0) - AIC: 26839.76249532284
2025-03-29 16:54:22,113 - src.models.time_series_model - INFO - ARIMA(0,0,1) - AIC: 21729.76784151031
2025-03-29 16:54:22,197 - src.models.time_series_model - INFO - ARIMA(0,0,2) - AIC: 21674.6925389506
2025-03-29 16:54:22,307 - src.models.time_series_model - INFO - ARIMA(0,0,3) - AIC: 21654.321054116182
2025-03-29 16:54:22,324 - src.models.time_series_model - INFO - ARIMA(0,1,0) - AIC: 22049.133700400314
2025-03-29 16:54:22,372 - src.models.time_series_model - INFO - ARIMA(0,1,1) - AIC: 21500.46314695073
2025-03-29 16:54:22,462 - src.models.time_series_model - INFO - ARIMA(0,1,2) - AIC: 21492.290450623463
2025-03-29 16:54:22,601 - src.models.time_series_model - INFO - ARIMA(0,1,3) - AIC: 21491.365363107325
2025-03-29 16:54:22,619 - src.models.time_series_model - INFO - ARIMA(0,2,0) - AIC: 23006.71463844506
2025-03-29 16:54:22,747 - src.models.time_series_model - INFO - ARIMA(0,2,1) - AIC: 22070.177756255336
2025-03-29 16:54:22,947 - src.models.time_series_model - INFO - ARIMA(0,2,2) - AIC: 21633.8879406924
2025-03-29 16:54:23,273 - src.models.time_series_model - INFO - ARIMA(0,2,3) - AIC: 21574.118797000352
2025-03-29 16:54:23,313 - src.models.time_series_model - INFO - ARIMA(1,0,0) - AIC: 21699.54611492001
2025-03-29 16:54:23,532 - src.models.time_series_model - INFO - ARIMA(1,0,1) - AIC: 21500.547027865963
2025-03-29 16:54:23,805 - src.models.time_series_model - INFO - ARIMA(1,0,2) - AIC: 21496.828400842933
2025-03-29 16:54:24,125 - src.models.time_series_model - INFO - ARIMA(1,0,3) - AIC: 21496.410705569808
2025-03-29 16:54:24,169 - src.models.time_series_model - INFO - ARIMA(1,1,0) - AIC: 21758.834287752867
2025-03-29 16:54:24,264 - src.models.time_series_model - INFO - ARIMA(1,1,1) - AIC: 21499.893508682577
2025-03-29 16:54:24,533 - src.models.time_series_model - INFO - ARIMA(1,1,2) - AIC: 21491.9496267477
2025-03-29 16:54:25,151 - src.models.time_series_model - INFO - ARIMA(1,1,3) - AIC: 21485.407665480845
2025-03-29 16:54:25,196 - src.models.time_series_model - INFO - ARIMA(1,2,0) - AIC: 22437.625704958555
2025-03-29 16:54:25,375 - src.models.time_series_model - INFO - ARIMA(1,2,1) - AIC: 21812.966956053584
2025-03-29 16:54:25,712 - src.models.time_series_model - INFO - ARIMA(1,2,2) - AIC: 21582.106895963716
2025-03-29 16:54:26,075 - src.models.time_series_model - INFO - ARIMA(1,2,3) - AIC: 21557.39119757891
2025-03-29 16:54:26,140 - src.models.time_series_model - INFO - ARIMA(2,0,0) - AIC: 21624.930980732446
2025-03-29 16:54:26,368 - src.models.time_series_model - INFO - ARIMA(2,0,1) - AIC: 21499.825242706414
2025-03-29 16:54:26,833 - src.models.time_series_model - INFO - ARIMA(2,0,2) - AIC: 21493.30410676427
2025-03-29 16:54:27,842 - src.models.time_series_model - INFO - ARIMA(2,0,3) - AIC: 21491.624393224592
2025-03-29 16:54:27,903 - src.models.time_series_model - INFO - ARIMA(2,1,0) - AIC: 21666.767854467857
2025-03-29 16:54:28,054 - src.models.time_series_model - INFO - ARIMA(2,1,1) - AIC: 21501.074967853456
2025-03-29 16:54:28,619 - src.models.time_series_model - INFO - ARIMA(2,1,2) - AIC: 21486.093544471893
2025-03-29 16:54:29,558 - src.models.time_series_model - INFO - ARIMA(2,1,3) - AIC: 21487.08213414042
2025-03-29 16:54:29,628 - src.models.time_series_model - INFO - ARIMA(2,2,0) - AIC: 22162.078274258685
2025-03-29 16:54:29,889 - src.models.time_series_model - INFO - ARIMA(2,2,1) - AIC: 21747.145494101656
2025-03-29 16:54:30,414 - src.models.time_series_model - INFO - ARIMA(2,2,2) - AIC: 21551.45111343337
2025-03-29 16:54:31,228 - src.models.time_series_model - INFO - ARIMA(2,2,3) - AIC: 21536.333582737978
2025-03-29 16:54:31,312 - src.models.time_series_model - INFO - ARIMA(3,0,0) - AIC: 21594.60236713403
2025-03-29 16:54:31,681 - src.models.time_series_model - INFO - ARIMA(3,0,1) - AIC: 21501.11204418989
2025-03-29 16:54:32,557 - src.models.time_series_model - INFO - ARIMA(3,0,2) - AIC: 21491.57343669531
2025-03-29 16:54:33,398 - src.models.time_series_model - INFO - ARIMA(3,0,3) - AIC: 21489.143998763942
2025-03-29 16:54:33,482 - src.models.time_series_model - INFO - ARIMA(3,1,0) - AIC: 21637.573039814626
2025-03-29 16:54:33,683 - src.models.time_series_model - INFO - ARIMA(3,1,1) - AIC: 21503.070487504403
2025-03-29 16:54:34,521 - src.models.time_series_model - INFO - ARIMA(3,1,2) - AIC: 21485.976754575062
2025-03-29 16:54:35,545 - src.models.time_series_model - INFO - ARIMA(3,1,3) - AIC: 21489.052186590907
2025-03-29 16:54:35,653 - src.models.time_series_model - INFO - ARIMA(3,2,0) - AIC: 22066.517616995025
2025-03-29 16:54:36,023 - src.models.time_series_model - INFO - ARIMA(3,2,1) - AIC: 21731.165529072077
2025-03-29 16:54:36,724 - src.models.time_series_model - INFO - ARIMA(3,2,2) - AIC: 21677.62655403786
2025-03-29 16:54:37,394 - src.models.time_series_model - INFO - ARIMA(3,2,3) - AIC: 21538.95882967531
2025-03-29 16:54:37,394 - src.models.time_series_model - INFO - 最优ARIMA参数: {'p': 1, 'd': 1, 'q': 3}, AIC: 21485.407665480845
2025-03-29 16:54:37,395 - __main__ - INFO - 最优ARIMA参数: {'p': 1, 'd': 1, 'q': 3}
2025-03-29 16:54:37,395 - src.models.time_series_model - INFO - 将数据分为训练集和测试集，测试集比例: 0.2
2025-03-29 16:54:37,395 - src.models.time_series_model - INFO - 训练集大小: 876, 测试集大小: 220
2025-03-29 16:54:37,396 - src.models.time_series_model - INFO - 开始训练ARIMA(1,1,3)模型
2025-03-29 16:54:38,013 - src.models.time_series_model - INFO - ARIMA模型训练完成
2025-03-29 16:54:38,024 - src.models.time_series_model - INFO - 模型摘要:
                               SARIMAX Results                                
==============================================================================
Dep. Variable:                  Sales   No. Observations:                  876
Model:                 ARIMA(1, 1, 3)   Log Likelihood              -10737.704
Date:                Sat, 29 Mar 2025   AIC                          21485.408
Time:                        16:54:38   BIC                          21509.279
Sample:                    01-01-2020   HQIC                         21494.539
                         - 05-25-2022                                         
Covariance Type:                  opg                                         
==============================================================================
2025-03-29 16:54:38,037 - src.models.time_series_model - INFO - 模型已保存至: data/output/arima_model.pkl
2025-03-29 16:54:38,037 - src.models.time_series_model - INFO - 开始评估模型性能
2025-03-29 16:54:38,047 - src.models.time_series_model - INFO - 评估指标:
平均绝对误差 (MAE): 66781.7303
均方根误差 (RMSE): 79665.5007
决定系数 (R²): -1.4299
平均绝对百分比误差 (MAPE): 26.83%
预测准确率: 85.00%
2025-03-29 16:54:38,231 - src.models.time_series_model - INFO - 预测评估图表已保存至: data/output/forecast_evaluation.png
2025-03-29 16:54:38,234 - src.models.time_series_model - INFO - 评估指标已保存至: data/output/model_metrics.csv
2025-03-29 16:54:38,235 - __main__ - INFO - 预测准确率: 85.00%
2025-03-29 16:54:38,235 - src.models.time_series_model - INFO - 开始预测未来 30 步
2025-03-29 16:54:38,240 - src.models.time_series_model - INFO - 未来预测完成
2025-03-29 16:54:38,422 - src.models.time_series_model - INFO - 未来预测图表已保存至: data/output/future_forecast.png
2025-03-29 16:54:38,425 - src.models.time_series_model - INFO - 未来预测结果已保存至: data/output/future_forecast.csv
2025-03-29 16:54:38,425 - __main__ - INFO - 未来30天预测结果已生成
2025-03-29 16:54:38,425 - src.models.time_series_model - INFO - 开始生成分析报告
2025-03-29 16:54:38,429 - src.models.time_series_model - INFO - 分析报告已保存至: data/output/sales_forecast_report.md
2025-03-29 16:54:38,429 - __main__ - INFO - 开始关联规则分析阶段
2025-03-29 16:54:38,430 - src.models.association_rules - INFO - 正在加载交易数据: data/processed/association_transactions.csv
2025-03-29 16:54:38,628 - src.models.association_rules - INFO - 交易数据加载完成，共 100000 条交易记录
2025-03-29 16:54:38,629 - __main__ - INFO - 加载了 100000 条交易记录
2025-03-29 16:54:38,629 - src.models.association_rules - INFO - 开始运行完整的关联规则分析流程
2025-03-29 16:54:38,629 - src.models.association_rules - INFO - 开始分析交易数据
2025-03-29 16:54:38,681 - src.models.association_rules - INFO - 交易数据分析完成: {'total_transactions': 100000, 'avg_items_per_transaction': 2.99696, 'max_items': 5, 'min_items': 1, 'total_unique_items': 50, 'most_common_items': [('牛仔裤', 6144), ('防晒霜', 6131), ('衬衫', 6118), ('面膜', 6110), ('连衣裙', 6090), ('护肤霜', 6078), ('床单', 6073), ('窗帘', 6061), ('牛奶', 6050), ('游戏机', 6047)]}
2025-03-29 16:54:39,032 - src.models.association_rules - INFO - 交易长度分布图已保存至: data/output/transaction_length_distribution.png
2025-03-29 16:54:39,205 - src.models.association_rules - INFO - 最常见商品图表已保存至: data/output/most_common_items.png
2025-03-29 16:54:39,208 - src.models.association_rules - INFO - 开始使用Apriori算法寻找频繁项集，最小支持度: 0.01
2025-03-29 16:54:43,313 - src.models.association_rules - INFO - 找到 275 个频繁项集
2025-03-29 16:54:43,316 - src.models.association_rules - INFO - 频繁项集已保存至: data/output/frequent_itemsets.csv
2025-03-29 16:54:43,317 - src.models.association_rules - INFO - 开始生成关联规则，最小置信度: 0.5
2025-03-29 16:54:43,319 - src.models.association_rules - WARNING - 未生成关联规则，尝试降低置信度至 0.25
2025-03-29 16:54:43,320 - src.models.association_rules - INFO - 开始生成关联规则，最小置信度: 0.25
2025-03-29 16:54:43,326 - src.models.association_rules - INFO - 生成了 450 条关联规则
2025-03-29 16:54:43,336 - src.models.association_rules - INFO - 关联规则已保存至: data/output/association_rules.csv
2025-03-29 16:54:43,337 - src.models.association_rules - INFO - 开始可视化关联规则，显示前 20 条
2025-03-29 16:54:43,527 - src.models.association_rules - INFO - 关联规则散点图已保存至: data/output/association_rules_scatter.png
2025-03-29 16:54:51,202 - src.models.association_rules - INFO - 商品共现热力图已保存至: data/output/item_cooccurrence_heatmap.png
2025-03-29 16:54:51,203 - src.models.association_rules - INFO - 开始导出促销建议，最小提升度: 1.2，推荐数量: 10
2025-03-29 16:54:51,208 - src.models.association_rules - INFO - 促销建议已保存至: data/output/promotion_recommendations.csv
2025-03-29 16:54:51,209 - src.models.association_rules - INFO - 关联分析报告已保存至: data/output/association_analysis_report.md
2025-03-29 16:54:51,209 - src.models.association_rules - INFO - 关联规则分析流程完成，摘要: {'transactions_count': 100000, 'unique_items_count': 50, 'frequent_itemsets_count': 275, 'rules_count': 450, 'recommendations_count': 10, 'expected_gmv_increase': '413.83%'}
2025-03-29 16:54:51,210 - __main__ - INFO - 关联规则分析摘要:
{'transactions_count': 100000, 'unique_items_count': 50, 'frequent_itemsets_count': 275, 'rules_count': 450, 'recommendations_count': 10, 'expected_gmv_increase': '413.83%'}
2025-03-29 16:54:51,210 - __main__ - INFO - 预期GMV提升: 413.83%
2025-03-29 16:54:51,210 - __main__ - INFO - 关联规则分析阶段完成
2025-03-29 16:54:51,222 - __main__ - INFO - 开始数据可视化阶段
2025-03-29 16:54:51,223 - src.visualization.data_visualizer - INFO - 正在加载处理过的数据: data/processed/processed_data.csv
2025-03-29 16:54:51,839 - src.visualization.data_visualizer - INFO - 数据加载完成，形状: (299696, 23)
2025-03-29 16:54:51,840 - src.visualization.data_visualizer - INFO - 正在加载时间序列数据: data/processed/time_series_Sales.csv
2025-03-29 16:54:51,845 - src.visualization.data_visualizer - INFO - 时间序列数据加载完成，形状: (1096, 2)
2025-03-29 16:54:51,845 - src.visualization.data_visualizer - INFO - 正在加载关联规则推荐数据: data/output/promotion_recommendations.csv
2025-03-29 16:54:51,848 - src.visualization.data_visualizer - INFO - 关联规则推荐数据加载完成，形状: (10, 7)
2025-03-29 16:54:51,848 - src.visualization.data_visualizer - INFO - 开始为Tableau准备数据
2025-03-29 16:54:53,948 - src.visualization.data_visualizer - INFO - Tableau销售数据已保存至: data/visualization/tableau_sales_data.csv
2025-03-29 16:54:53,950 - src.visualization.data_visualizer - INFO - Tableau关联规则数据已保存至: data/visualization/tableau_association_rules.csv
2025-03-29 16:54:53,955 - src.visualization.data_visualizer - INFO - Tableau网络图数据已保存至: data/visualization/tableau_network_data.json
2025-03-29 16:54:53,956 - src.visualization.data_visualizer - INFO - Tableau数据源说明已保存至: data/visualization/tableau_data_readme.md
2025-03-29 16:54:53,961 - __main__ - INFO - 为Tableau准备的数据文件: {'sales_data': 'data/visualization/tableau_sales_data.csv', 'association_rules': 'data/visualization/tableau_association_rules.csv', 'network_data': 'data/visualization/tableau_network_data.json'}
2025-03-29 16:54:53,962 - src.visualization.data_visualizer - INFO - 开始创建基本可视化示例
2025-03-29 16:54:54,602 - src.visualization.data_visualizer - INFO - 销售时间序列图已保存至: data/visualization/sales_time_series.png
2025-03-29 16:54:55,283 - src.visualization.data_visualizer - INFO - 销售季节性热图已保存至: data/visualization/sales_seasonality_heatmap.png
2025-03-29 16:54:55,646 - src.visualization.data_visualizer - INFO - 关联规则图已保存至: data/visualization/association_rules_plot.png
2025-03-29 16:54:55,702 - src.visualization.data_visualizer - INFO - 销售仪表板模型已保存至: data/visualization/tableau_sales_dashboard_mockup.png
2025-03-29 16:54:55,756 - src.visualization.data_visualizer - INFO - 预测仪表板模型已保存至: data/visualization/tableau_forecast_dashboard_mockup.png
2025-03-29 16:54:55,810 - src.visualization.data_visualizer - INFO - 关联分析仪表板模型已保存至: data/visualization/tableau_association_dashboard_mockup.png
2025-03-29 16:54:55,812 - src.visualization.data_visualizer - INFO - Tableau使用说明已保存至: data/visualization/tableau_instructions.md
2025-03-29 16:54:55,812 - __main__ - INFO - 数据可视化阶段完成
2025-03-29 16:54:55,812 - __main__ - INFO - 开始跨部门协作分析阶段
2025-03-29 16:54:56,431 - __main__ - INFO - 从数据样本生成产品信息
2025-03-29 16:54:56,433 - __main__ - WARNING - 预测数据为空，生成示例预测数据
2025-03-29 16:54:56,464 - src.cross_department.collaboration - INFO - 创建示例数据用于测试
2025-03-29 16:54:56,497 - src.cross_department.collaboration - INFO - 示例数据创建完成
2025-03-29 16:54:56,498 - src.cross_department.collaboration - INFO - 开始运行跨部门协作工作流
2025-03-29 16:54:56,498 - src.cross_department.collaboration - INFO - 开始生成采购部门建议
2025-03-29 16:54:56,515 - src.cross_department.collaboration - INFO - 采购部门建议已保存至: data/collaboration/procurement_recommendations.csv
2025-03-29 16:54:56,516 - src.cross_department.collaboration - INFO - 开始生成运营部门建议
2025-03-29 16:54:56,706 - src.cross_department.collaboration - INFO - 运营部门建议已保存至: data/collaboration/operations_recommendations.csv
2025-03-29 16:54:56,707 - src.cross_department.collaboration - INFO - 开始生成市场营销部门建议
2025-03-29 16:54:56,803 - src.cross_department.collaboration - INFO - 市场营销部门建议已保存至: data/collaboration/marketing_recommendations.csv
2025-03-29 16:54:56,823 - src.cross_department.collaboration - INFO - 协作结果已保存至: data/collaboration/collaboration_workflow_results.json
2025-03-29 16:54:56,823 - src.cross_department.collaboration - INFO - 跨部门协作工作流完成
2025-03-29 16:54:56,824 - __main__ - INFO - 协作结果摘要:
2025-03-29 16:54:56,824 - __main__ - INFO - - 采购建议数量: 300
2025-03-29 16:54:56,824 - __main__ - INFO - - 运营建议数量: 6
2025-03-29 16:54:56,824 - __main__ - INFO - - 营销建议数量: 450
2025-03-29 16:54:56,824 - __main__ - INFO - 跨部门协作分析阶段完成
2025-03-29 16:54:56,841 - __main__ - INFO - 零售业销售预测分析完成，时间: 2025-03-29 16:54:56.841513
2025-03-29 16:54:56,842 - __main__ - INFO - 总耗时: 0:02:43.803142
2025-03-29 16:54:56,842 - __main__ - INFO - 分析结果已保存到相应目录
2025-03-29 16:54:56,842 - __main__ - INFO - - 处理后的数据: data/processed/
2025-03-29 16:54:56,842 - __main__ - INFO - - 分析输出: data/output/
2025-03-29 16:54:56,843 - __main__ - INFO - - 可视化资源: data/visualization/
2025-03-29 16:57:25,723 - __main__ - INFO - 零售业销售预测分析开始，时间: 2025-03-29 16:57:25.723106
2025-03-29 16:57:25,724 - __main__ - INFO - 启动交互式数据可视化仪表板
2025-03-29 16:57:25,725 - src.visualization.data_visualizer - INFO - 正在加载处理过的数据: data/processed/processed_data.csv
2025-03-29 16:57:26,341 - src.visualization.data_visualizer - INFO - 数据加载完成，形状: (299696, 23)
2025-03-29 16:57:26,342 - __main__ - INFO - 已加载处理后的数据: data/processed/processed_data.csv
2025-03-29 16:57:26,342 - src.visualization.data_visualizer - INFO - 正在加载时间序列数据: data/processed/time_series_Sales.csv
2025-03-29 16:57:26,349 - src.visualization.data_visualizer - INFO - 时间序列数据加载完成，形状: (1096, 2)
2025-03-29 16:57:26,349 - __main__ - INFO - 已加载时间序列数据: data/processed/time_series_Sales.csv
2025-03-29 17:01:28,511 - __main__ - INFO - 零售业销售预测分析开始，时间: 2025-03-29 17:01:28.511756
2025-03-29 17:01:28,513 - __main__ - INFO - 启动交互式数据可视化仪表板
2025-03-29 17:01:28,514 - src.visualization.data_visualizer - INFO - 正在加载处理过的数据: data/processed/processed_data.csv
2025-03-29 17:01:29,149 - src.visualization.data_visualizer - INFO - 数据加载完成，形状: (299696, 23)
2025-03-29 17:01:29,149 - __main__ - INFO - 已加载处理后的数据: data/processed/processed_data.csv
2025-03-29 17:01:29,149 - src.visualization.data_visualizer - INFO - 正在加载时间序列数据: data/processed/time_series_Sales.csv
2025-03-29 17:01:29,157 - src.visualization.data_visualizer - INFO - 时间序列数据加载完成，形状: (1096, 2)
2025-03-29 17:01:29,157 - __main__ - INFO - 已加载时间序列数据: data/processed/time_series_Sales.csv
2025-03-29 17:01:29,157 - src.visualization.data_visualizer - INFO - 正在加载关联规则数据: data/output/association_rules.csv
2025-03-29 17:01:29,162 - src.visualization.data_visualizer - INFO - 关联规则数据加载完成，形状: (450, 14)
2025-03-29 17:01:29,162 - __main__ - INFO - 已加载关联规则数据: data/output/association_rules.csv
2025-03-29 17:01:29,163 - __main__ - INFO - 在端口 8050 上启动仪表板
2025-03-29 17:01:29,163 - src.visualization.data_visualizer - INFO - 开始创建交互式可视化仪表板
2025-03-29 17:04:55,878 - __main__ - INFO - 零售业销售预测分析开始，时间: 2025-03-29 17:04:55.878721
2025-03-29 17:04:55,880 - __main__ - INFO - 启动交互式数据可视化仪表板
2025-03-29 17:04:55,880 - src.visualization.data_visualizer - INFO - 正在加载处理过的数据: data/processed/processed_data.csv
2025-03-29 17:04:56,533 - src.visualization.data_visualizer - INFO - 数据加载完成，形状: (299696, 23)
2025-03-29 17:04:56,533 - __main__ - INFO - 已加载处理后的数据: data/processed/processed_data.csv
2025-03-29 17:04:56,534 - src.visualization.data_visualizer - INFO - 正在加载时间序列数据: data/processed/time_series_Sales.csv
2025-03-29 17:04:56,540 - src.visualization.data_visualizer - INFO - 时间序列数据加载完成，形状: (1096, 2)
2025-03-29 17:04:56,540 - __main__ - INFO - 已加载时间序列数据: data/processed/time_series_Sales.csv
2025-03-29 17:04:56,541 - src.visualization.data_visualizer - INFO - 正在加载关联规则数据: data/output/association_rules.csv
2025-03-29 17:04:56,545 - src.visualization.data_visualizer - INFO - 关联规则数据加载完成，形状: (450, 14)
2025-03-29 17:04:56,546 - __main__ - INFO - 已加载关联规则数据: data/output/association_rules.csv
2025-03-29 17:04:56,546 - __main__ - INFO - 在端口 8050 上启动仪表板
2025-03-29 17:04:56,546 - src.visualization.data_visualizer - INFO - 开始创建交互式可视化仪表板
2025-03-29 17:04:56,621 - src.visualization.data_visualizer - INFO - 交互式可视化仪表板创建完成
2025-03-29 17:04:56,622 - src.visualization.data_visualizer - INFO - 正在启动仪表板服务器，地址: http://localhost:8050/
2025-03-29 17:06:32,365 - __main__ - INFO - 零售业销售预测分析开始，时间: 2025-03-29 17:06:32.365555
2025-03-29 17:06:32,367 - __main__ - INFO - 启动交互式数据可视化仪表板
2025-03-29 17:06:32,367 - src.visualization.data_visualizer - INFO - 正在加载处理过的数据: data/processed/processed_data.csv
2025-03-29 17:06:32,994 - src.visualization.data_visualizer - INFO - 数据加载完成，形状: (299696, 23)
2025-03-29 17:06:32,994 - __main__ - INFO - 已加载处理后的数据: data/processed/processed_data.csv
2025-03-29 17:06:32,995 - src.visualization.data_visualizer - INFO - 正在加载时间序列数据: data/processed/time_series_Sales.csv
2025-03-29 17:06:33,001 - src.visualization.data_visualizer - INFO - 时间序列数据加载完成，形状: (1096, 2)
2025-03-29 17:06:33,001 - __main__ - INFO - 已加载时间序列数据: data/processed/time_series_Sales.csv
2025-03-29 17:06:33,001 - src.visualization.data_visualizer - INFO - 正在加载关联规则数据: data/output/association_rules.csv
2025-03-29 17:06:33,006 - src.visualization.data_visualizer - INFO - 关联规则数据加载完成，形状: (450, 14)
2025-03-29 17:06:33,006 - __main__ - INFO - 已加载关联规则数据: data/output/association_rules.csv
2025-03-29 17:06:33,006 - __main__ - INFO - 在端口 8050 上启动仪表板
2025-03-29 17:06:33,007 - src.visualization.data_visualizer - INFO - 开始创建交互式可视化仪表板
2025-03-29 17:06:33,081 - src.visualization.data_visualizer - INFO - 交互式可视化仪表板创建完成
2025-03-29 17:06:33,081 - src.visualization.data_visualizer - INFO - 正在启动仪表板服务器，地址: http://localhost:8050/
2025-03-29 17:06:33,082 - dash.dash - INFO - Dash is running on http://localhost:8050/

2025-03-29 17:06:33,101 - werkzeug - INFO - [31m[1mWARNING: This is a development server. Do not use it in a production deployment. Use a production WSGI server instead.[0m
 * Running on http://localhost:8050
2025-03-29 17:06:33,101 - werkzeug - INFO - [33mPress CTRL+C to quit[0m
2025-03-29 17:06:40,962 - werkzeug - INFO - 127.0.0.1 - - [29/Mar/2025 17:06:40] "GET / HTTP/1.1" 200 -
2025-03-29 17:06:41,004 - werkzeug - INFO - 127.0.0.1 - - [29/Mar/2025 17:06:41] "GET /_dash-component-suites/dash/deps/polyfill@7.v3_0_1m1743238233.12.1.min.js HTTP/1.1" 200 -
2025-03-29 17:06:41,221 - werkzeug - INFO - 127.0.0.1 - - [29/Mar/2025 17:06:41] "GET /_dash-component-suites/dash/deps/react@18.v3_0_1m1743238233.3.1.min.js HTTP/1.1" 200 -
2025-03-29 17:06:41,312 - werkzeug - INFO - 127.0.0.1 - - [29/Mar/2025 17:06:41] "GET /_dash-component-suites/dash/deps/prop-types@15.v3_0_1m1743238233.8.1.min.js HTTP/1.1" 200 -
2025-03-29 17:06:41,313 - werkzeug - INFO - 127.0.0.1 - - [29/Mar/2025 17:06:41] "GET /_dash-component-suites/dash/deps/react-dom@18.v3_0_1m1743238233.3.1.min.js HTTP/1.1" 200 -
2025-03-29 17:06:41,321 - werkzeug - INFO - 127.0.0.1 - - [29/Mar/2025 17:06:41] "GET /_dash-component-suites/dash/dash-renderer/build/dash_renderer.v3_0_1m1743238233.min.js HTTP/1.1" 200 -
2025-03-29 17:06:41,333 - werkzeug - INFO - 127.0.0.1 - - [29/Mar/2025 17:06:41] "GET /_dash-component-suites/dash/dcc/dash_core_components.v3_0_3m1743238233.js HTTP/1.1" 200 -
2025-03-29 17:06:41,346 - werkzeug - INFO - 127.0.0.1 - - [29/Mar/2025 17:06:41] "GET /_dash-component-suites/dash/dcc/dash_core_components-shared.v3_0_3m1743238233.js HTTP/1.1" 200 -
2025-03-29 17:06:41,528 - werkzeug - INFO - 127.0.0.1 - - [29/Mar/2025 17:06:41] "GET /_dash-component-suites/dash/html/dash_html_components.v3_0_1m1743238233.min.js HTTP/1.1" 200 -
2025-03-29 17:06:41,620 - werkzeug - INFO - 127.0.0.1 - - [29/Mar/2025 17:06:41] "GET /_dash-component-suites/dash/dash_table/bundle.v6_0_1m1743238233.js HTTP/1.1" 200 -
2025-03-29 17:06:41,961 - werkzeug - INFO - 127.0.0.1 - - [29/Mar/2025 17:06:41] "GET /_dash-dependencies HTTP/1.1" 200 -
2025-03-29 17:06:41,962 - werkzeug - INFO - 127.0.0.1 - - [29/Mar/2025 17:06:41] "GET /_dash-layout HTTP/1.1" 200 -
2025-03-29 17:06:41,975 - werkzeug - INFO - 127.0.0.1 - - [29/Mar/2025 17:06:41] "GET /_favicon.ico?v=3.0.1 HTTP/1.1" 200 -
2025-03-29 17:06:42,322 - werkzeug - INFO - 127.0.0.1 - - [29/Mar/2025 17:06:42] "GET /_dash-component-suites/dash/dcc/async-datepicker.js HTTP/1.1" 200 -
2025-03-29 17:06:42,419 - werkzeug - INFO - 127.0.0.1 - - [29/Mar/2025 17:06:42] "POST /_dash-update-component HTTP/1.1" 200 -
2025-03-29 17:06:42,433 - werkzeug - INFO - 127.0.0.1 - - [29/Mar/2025 17:06:42] "POST /_dash-update-component HTTP/1.1" 200 -
2025-03-29 17:06:42,630 - werkzeug - INFO - 127.0.0.1 - - [29/Mar/2025 17:06:42] "GET /_dash-component-suites/dash/dcc/async-graph.js HTTP/1.1" 200 -
2025-03-29 17:06:42,728 - werkzeug - INFO - 127.0.0.1 - - [29/Mar/2025 17:06:42] "GET /_dash-component-suites/plotly/package_data/plotly.min.js HTTP/1.1" 200 -
2025-03-29 17:06:42,737 - werkzeug - INFO - 127.0.0.1 - - [29/Mar/2025 17:06:42] "GET /_dash-component-suites/dash/dcc/async-slider.js HTTP/1.1" 200 -
2025-03-29 17:06:42,952 - werkzeug - INFO - 127.0.0.1 - - [29/Mar/2025 17:06:42] "POST /_dash-update-component HTTP/1.1" 200 -
2025-03-29 17:06:42,956 - werkzeug - INFO - 127.0.0.1 - - [29/Mar/2025 17:06:42] "POST /_dash-update-component HTTP/1.1" 200 -
2025-03-29 17:06:42,965 - werkzeug - INFO - 127.0.0.1 - - [29/Mar/2025 17:06:42] "POST /_dash-update-component HTTP/1.1" 200 -
2025-03-29 17:07:00,427 - werkzeug - INFO - 127.0.0.1 - - [29/Mar/2025 17:07:00] "POST /_dash-update-component HTTP/1.1" 200 -
2025-03-29 17:07:01,712 - werkzeug - INFO - 127.0.0.1 - - [29/Mar/2025 17:07:01] "POST /_dash-update-component HTTP/1.1" 200 -
2025-03-29 17:08:53,351 - werkzeug - INFO - 127.0.0.1 - - [29/Mar/2025 17:08:53] "GET / HTTP/1.1" 200 -
2025-03-29 17:08:53,503 - werkzeug - INFO - 127.0.0.1 - - [29/Mar/2025 17:08:53] "GET /_dash-layout HTTP/1.1" 200 -
2025-03-29 17:08:53,598 - werkzeug - INFO - 127.0.0.1 - - [29/Mar/2025 17:08:53] "GET /_dash-dependencies HTTP/1.1" 200 -
2025-03-29 17:08:53,959 - werkzeug - INFO - 127.0.0.1 - - [29/Mar/2025 17:08:53] "POST /_dash-update-component HTTP/1.1" 200 -
2025-03-29 17:08:53,990 - werkzeug - INFO - 127.0.0.1 - - [29/Mar/2025 17:08:53] "POST /_dash-update-component HTTP/1.1" 200 -
2025-03-29 17:08:54,041 - werkzeug - INFO - 127.0.0.1 - - [29/Mar/2025 17:08:54] "POST /_dash-update-component HTTP/1.1" 200 -
2025-03-29 17:08:54,094 - werkzeug - INFO - 127.0.0.1 - - [29/Mar/2025 17:08:54] "POST /_dash-update-component HTTP/1.1" 200 -
2025-03-29 17:08:54,095 - werkzeug - INFO - 127.0.0.1 - - [29/Mar/2025 17:08:54] "POST /_dash-update-component HTTP/1.1" 200 -
2025-03-29 17:08:54,096 - werkzeug - INFO - 127.0.0.1 - - [29/Mar/2025 17:08:54] "[36mGET /_dash-component-suites/dash/dcc/async-datepicker.js HTTP/1.1[0m" 304 -
2025-03-29 17:08:54,297 - werkzeug - INFO - 127.0.0.1 - - [29/Mar/2025 17:08:54] "[36mGET /_dash-component-suites/dash/dcc/async-graph.js HTTP/1.1[0m" 304 -
2025-03-29 17:08:54,303 - werkzeug - INFO - 127.0.0.1 - - [29/Mar/2025 17:08:54] "[36mGET /_dash-component-suites/plotly/package_data/plotly.min.js HTTP/1.1[0m" 304 -
2025-03-29 17:08:54,366 - werkzeug - INFO - 127.0.0.1 - - [29/Mar/2025 17:08:54] "[36mGET /_dash-component-suites/dash/dcc/async-slider.js HTTP/1.1[0m" 304 -
